{"/Users/cns/httpdocs/cddo/ndx/src/try/config.ts": {"path":"/Users/cns/httpdocs/cddo/ndx/src/try/config.ts","statementMap":{"0":{"start":{"line":111,"column":0},"end":{"line":111,"column":16}},"1":{"start":{"line":34,"column":35},"end":{"line":34,"column":75}},"2":{"start":{"line":39,"column":30},"end":{"line":39,"column":46}},"3":{"start":{"line":44,"column":29},"end":{"line":44,"column":35}},"4":{"start":{"line":49,"column":32},"end":{"line":49,"column":37}},"5":{"start":{"line":64,"column":23},"end":{"line":64,"column":94}},"6":{"start":{"line":66,"column":2},"end":{"line":68,"column":3}},"7":{"start":{"line":67,"column":4},"end":{"line":67,"column":29}},"8":{"start":{"line":72,"column":2},"end":{"line":75,"column":3}},"9":{"start":{"line":74,"column":4},"end":{"line":74,"column":37}},"10":{"start":{"line":77,"column":2},"end":{"line":77,"column":22}},"11":{"start":{"line":96,"column":13},"end":{"line":102,"column":2}},"12":{"start":{"line":112,"column":2},"end":{"line":112,"column":32}}},"fnMap":{"0":{"name":"getConfigValue","decl":{"start":{"line":61,"column":9},"end":{"line":61,"column":23}},"loc":{"start":{"line":61,"column":57},"end":{"line":78,"column":1}}},"1":{"name":"getAwsSsoPortalUrl","decl":{"start":{"line":111,"column":16},"end":{"line":111,"column":34}},"loc":{"start":{"line":111,"column":34},"end":{"line":113,"column":1}}}},"branchMap":{"0":{"loc":{"start":{"line":64,"column":23},"end":{"line":64,"column":94}},"type":"binary-expr","locations":[{"start":{"line":64,"column":24},"end":{"line":64,"column":53}},{"start":{"line":64,"column":58},"end":{"line":64,"column":87}},{"start":{"line":64,"column":92},"end":{"line":64,"column":94}}]},"1":{"loc":{"start":{"line":66,"column":2},"end":{"line":68,"column":3}},"type":"if","locations":[{"start":{"line":66,"column":2},"end":{"line":68,"column":3}}]},"2":{"loc":{"start":{"line":72,"column":2},"end":{"line":75,"column":3}},"type":"if","locations":[{"start":{"line":72,"column":2},"end":{"line":75,"column":3}}]},"3":{"loc":{"start":{"line":72,"column":6},"end":{"line":72,"column":67}},"type":"binary-expr","locations":[{"start":{"line":72,"column":6},"end":{"line":72,"column":36}},{"start":{"line":72,"column":41},"end":{"line":72,"column":67}}]}},"s":{"0":0,"1":0,"2":0,"3":0,"4":0,"5":0,"6":0,"7":0,"8":0,"9":0,"10":0,"11":0,"12":0},"f":{"0":0,"1":0},"b":{"0":[0,0,0],"1":[0],"2":[0],"3":[0,0]}}
,"/Users/cns/httpdocs/cddo/ndx/src/try/main.ts": {"path":"/Users/cns/httpdocs/cddo/ndx/src/try/main.ts","statementMap":{"0":{"start":{"line":13,"column":0},"end":{"line":13,"column":44}},"1":{"start":{"line":14,"column":0},"end":{"line":14,"column":44}},"2":{"start":{"line":15,"column":0},"end":{"line":15,"column":48}},"3":{"start":{"line":16,"column":0},"end":{"line":16,"column":73}},"4":{"start":{"line":19,"column":0},"end":{"line":19,"column":9}},"5":{"start":{"line":19,"column":9},"end":{"line":19,"column":30}},"6":{"start":{"line":19,"column":30},"end":{"line":19,"column":47}},"7":{"start":{"line":19,"column":47},"end":{"line":19,"column":68}},"8":{"start":{"line":19,"column":68},"end":{"line":19,"column":121}},"9":{"start":{"line":33,"column":20},"end":{"line":33,"column":63}},"10":{"start":{"line":34,"column":16},"end":{"line":34,"column":38}},"11":{"start":{"line":35,"column":19},"end":{"line":35,"column":41}},"12":{"start":{"line":38,"column":2},"end":{"line":61,"column":3}},"13":{"start":{"line":40,"column":4},"end":{"line":40,"column":26}},"14":{"start":{"line":41,"column":9},"end":{"line":61,"column":3}},"15":{"start":{"line":43,"column":18},"end":{"line":43,"column":35}},"16":{"start":{"line":44,"column":4},"end":{"line":60,"column":5}},"17":{"start":{"line":45,"column":25},"end":{"line":45,"column":64}},"18":{"start":{"line":46,"column":6},"end":{"line":59,"column":7}},"19":{"start":{"line":47,"column":26},"end":{"line":57,"column":10}},"20":{"start":{"line":58,"column":8},"end":{"line":58,"column":63}},"21":{"start":{"line":70,"column":0},"end":{"line":82,"column":3}},"22":{"start":{"line":72,"column":2},"end":{"line":72,"column":28}},"23":{"start":{"line":75,"column":2},"end":{"line":75,"column":16}},"24":{"start":{"line":78,"column":2},"end":{"line":78,"column":16}},"25":{"start":{"line":81,"column":2},"end":{"line":81,"column":18}}},"fnMap":{"0":{"name":"(anonymous_0)","decl":{"start":{"line":19,"column":9},"end":{"line":19,"column":28}},"loc":{"start":{"line":19,"column":9},"end":{"line":19,"column":30}}},"1":{"name":"(anonymous_1)","decl":{"start":{"line":19,"column":30},"end":{"line":19,"column":45}},"loc":{"start":{"line":19,"column":30},"end":{"line":19,"column":47}}},"2":{"name":"(anonymous_2)","decl":{"start":{"line":19,"column":47},"end":{"line":19,"column":66}},"loc":{"start":{"line":19,"column":47},"end":{"line":19,"column":68}}},"3":{"name":"(anonymous_3)","decl":{"start":{"line":19,"column":68},"end":{"line":19,"column":93}},"loc":{"start":{"line":19,"column":68},"end":{"line":19,"column":121}}},"4":{"name":"handlePageOAuthCallback","decl":{"start":{"line":32,"column":9},"end":{"line":32,"column":32}},"loc":{"start":{"line":32,"column":32},"end":{"line":63,"column":1}}},"5":{"name":"(anonymous_5)","decl":{"start":{"line":70,"column":46},"end":{"line":70,"column":49}},"loc":{"start":{"line":70,"column":51},"end":{"line":82,"column":1}}}},"branchMap":{"0":{"loc":{"start":{"line":38,"column":2},"end":{"line":61,"column":3}},"type":"if","locations":[{"start":{"line":38,"column":2},"end":{"line":61,"column":3}},{"start":{"line":41,"column":9},"end":{"line":61,"column":3}}]},"1":{"loc":{"start":{"line":38,"column":6},"end":{"line":38,"column":34}},"type":"binary-expr","locations":[{"start":{"line":38,"column":6},"end":{"line":38,"column":11}},{"start":{"line":38,"column":15},"end":{"line":38,"column":34}}]},"2":{"loc":{"start":{"line":41,"column":9},"end":{"line":61,"column":3}},"type":"if","locations":[{"start":{"line":41,"column":9},"end":{"line":61,"column":3}}]},"3":{"loc":{"start":{"line":44,"column":4},"end":{"line":60,"column":5}},"type":"if","locations":[{"start":{"line":44,"column":4},"end":{"line":60,"column":5}}]},"4":{"loc":{"start":{"line":46,"column":6},"end":{"line":59,"column":7}},"type":"if","locations":[{"start":{"line":46,"column":6},"end":{"line":59,"column":7}}]}},"s":{"0":0,"1":0,"2":0,"3":0,"4":0,"5":0,"6":0,"7":0,"8":0,"9":0,"10":0,"11":0,"12":0,"13":0,"14":0,"15":0,"16":0,"17":0,"18":0,"19":0,"20":0,"21":0,"22":0,"23":0,"24":0,"25":0},"f":{"0":0,"1":0,"2":0,"3":0,"4":0,"5":0},"b":{"0":[0,0],"1":[0,0],"2":[0],"3":[0],"4":[0]}}
,"/Users/cns/httpdocs/cddo/ndx/src/try/api/api-client.ts": {"path":"/Users/cns/httpdocs/cddo/ndx/src/try/api/api-client.ts","statementMap":{"0":{"start":{"line":112,"column":0},"end":{"line":112,"column":7}},"1":{"start":{"line":220,"column":0},"end":{"line":220,"column":7}},"2":{"start":{"line":52,"column":22},"end":{"line":52,"column":31}},"3":{"start":{"line":58,"column":24},"end":{"line":58,"column":41}},"4":{"start":{"line":117,"column":48},"end":{"line":117,"column":55}},"5":{"start":{"line":120,"column":42},"end":{"line":123,"column":4}},"6":{"start":{"line":126,"column":16},"end":{"line":126,"column":26}},"7":{"start":{"line":127,"column":2},"end":{"line":129,"column":3}},"8":{"start":{"line":128,"column":4},"end":{"line":128,"column":49}},"9":{"start":{"line":132,"column":19},"end":{"line":135,"column":4}},"10":{"start":{"line":139,"column":2},"end":{"line":146,"column":3}},"11":{"start":{"line":141,"column":4},"end":{"line":141,"column":17}},"12":{"start":{"line":143,"column":4},"end":{"line":143,"column":22}},"13":{"start":{"line":145,"column":4},"end":{"line":145,"column":59}},"14":{"start":{"line":148,"column":2},"end":{"line":148,"column":18}},"15":{"start":{"line":158,"column":2},"end":{"line":160,"column":3}},"16":{"start":{"line":159,"column":4},"end":{"line":159,"column":11}},"17":{"start":{"line":161,"column":2},"end":{"line":165,"column":3}},"18":{"start":{"line":162,"column":4},"end":{"line":162,"column":45}},"19":{"start":{"line":175,"column":2},"end":{"line":177,"column":3}},"20":{"start":{"line":176,"column":4},"end":{"line":176,"column":11}},"21":{"start":{"line":178,"column":2},"end":{"line":178,"column":41}},"22":{"start":{"line":221,"column":2},"end":{"line":249,"column":3}},"23":{"start":{"line":223,"column":21},"end":{"line":223,"column":91}},"24":{"start":{"line":225,"column":4},"end":{"line":244,"column":5}},"25":{"start":{"line":226,"column":39},"end":{"line":226,"column":60}},"26":{"start":{"line":229,"column":6},"end":{"line":234,"column":7}},"27":{"start":{"line":230,"column":8},"end":{"line":233,"column":10}},"28":{"start":{"line":236,"column":6},"end":{"line":236,"column":38}},"29":{"start":{"line":237,"column":11},"end":{"line":244,"column":5}},"30":{"start":{"line":239,"column":6},"end":{"line":239,"column":38}},"31":{"start":{"line":242,"column":6},"end":{"line":242,"column":100}},"32":{"start":{"line":243,"column":6},"end":{"line":243,"column":38}},"33":{"start":{"line":247,"column":4},"end":{"line":247,"column":66}},"34":{"start":{"line":248,"column":4},"end":{"line":248,"column":36}},"35":{"start":{"line":260,"column":2},"end":{"line":262,"column":3}},"36":{"start":{"line":261,"column":4},"end":{"line":261,"column":16}},"37":{"start":{"line":264,"column":2},"end":{"line":274,"column":3}},"38":{"start":{"line":265,"column":18},"end":{"line":265,"column":55}},"39":{"start":{"line":267,"column":4},"end":{"line":269,"column":5}},"40":{"start":{"line":268,"column":6},"end":{"line":268,"column":18}},"41":{"start":{"line":270,"column":4},"end":{"line":270,"column":17}},"42":{"start":{"line":273,"column":4},"end":{"line":273,"column":16}},"43":{"start":{"line":285,"column":2},"end":{"line":287,"column":3}},"44":{"start":{"line":286,"column":4},"end":{"line":286,"column":14}},"45":{"start":{"line":290,"column":2},"end":{"line":296,"column":3}},"46":{"start":{"line":291,"column":43},"end":{"line":291,"column":45}},"47":{"start":{"line":292,"column":4},"end":{"line":294,"column":5}},"48":{"start":{"line":293,"column":6},"end":{"line":293,"column":26}},"49":{"start":{"line":295,"column":4},"end":{"line":295,"column":18}},"50":{"start":{"line":300,"column":2},"end":{"line":306,"column":3}},"51":{"start":{"line":301,"column":43},"end":{"line":301,"column":45}},"52":{"start":{"line":302,"column":5},"end":{"line":304,"column":7}},"53":{"start":{"line":303,"column":6},"end":{"line":303,"column":26}},"54":{"start":{"line":305,"column":4},"end":{"line":305,"column":18}},"55":{"start":{"line":309,"column":2},"end":{"line":309,"column":47}},"56":{"start":{"line":316,"column":13},"end":{"line":323,"column":2}}},"fnMap":{"0":{"name":"callISBAPI","decl":{"start":{"line":112,"column":22},"end":{"line":112,"column":32}},"loc":{"start":{"line":114,"column":29},"end":{"line":149,"column":1}}},"1":{"name":"clearToken","decl":{"start":{"line":156,"column":9},"end":{"line":156,"column":19}},"loc":{"start":{"line":156,"column":19},"end":{"line":166,"column":1}}},"2":{"name":"redirectToOAuth","decl":{"start":{"line":173,"column":9},"end":{"line":173,"column":24}},"loc":{"start":{"line":173,"column":24},"end":{"line":179,"column":1}}},"3":{"name":"checkAuthStatus","decl":{"start":{"line":220,"column":22},"end":{"line":220,"column":37}},"loc":{"start":{"line":220,"column":37},"end":{"line":250,"column":1}}},"4":{"name":"getToken","decl":{"start":{"line":258,"column":9},"end":{"line":258,"column":17}},"loc":{"start":{"line":258,"column":17},"end":{"line":275,"column":1}}},"5":{"name":"extractHeaders","decl":{"start":{"line":284,"column":9},"end":{"line":284,"column":23}},"loc":{"start":{"line":284,"column":49},"end":{"line":310,"column":1}}},"6":{"name":"(anonymous_6)","decl":{"start":{"line":302,"column":37},"end":{"line":302,"column":38}},"loc":{"start":{"line":302,"column":52},"end":{"line":304,"column":5}}}},"branchMap":{"0":{"loc":{"start":{"line":114,"column":2},"end":{"line":114,"column":29}},"type":"default-arg","locations":[{"start":{"line":114,"column":27},"end":{"line":114,"column":29}}]},"1":{"loc":{"start":{"line":127,"column":2},"end":{"line":129,"column":3}},"type":"if","locations":[{"start":{"line":127,"column":2},"end":{"line":129,"column":3}}]},"2":{"loc":{"start":{"line":139,"column":2},"end":{"line":146,"column":3}},"type":"if","locations":[{"start":{"line":139,"column":2},"end":{"line":146,"column":3}}]},"3":{"loc":{"start":{"line":139,"column":6},"end":{"line":139,"column":50}},"type":"binary-expr","locations":[{"start":{"line":139,"column":6},"end":{"line":139,"column":29}},{"start":{"line":139,"column":33},"end":{"line":139,"column":50}}]},"4":{"loc":{"start":{"line":158,"column":2},"end":{"line":160,"column":3}},"type":"if","locations":[{"start":{"line":158,"column":2},"end":{"line":160,"column":3}}]},"5":{"loc":{"start":{"line":175,"column":2},"end":{"line":177,"column":3}},"type":"if","locations":[{"start":{"line":175,"column":2},"end":{"line":177,"column":3}}]},"6":{"loc":{"start":{"line":225,"column":4},"end":{"line":244,"column":5}},"type":"if","locations":[{"start":{"line":225,"column":4},"end":{"line":244,"column":5}},{"start":{"line":237,"column":11},"end":{"line":244,"column":5}}]},"7":{"loc":{"start":{"line":229,"column":6},"end":{"line":234,"column":7}},"type":"if","locations":[{"start":{"line":229,"column":6},"end":{"line":234,"column":7}}]},"8":{"loc":{"start":{"line":229,"column":10},"end":{"line":229,"column":50}},"type":"binary-expr","locations":[{"start":{"line":229,"column":10},"end":{"line":229,"column":28}},{"start":{"line":229,"column":32},"end":{"line":229,"column":50}}]},"9":{"loc":{"start":{"line":237,"column":11},"end":{"line":244,"column":5}},"type":"if","locations":[{"start":{"line":237,"column":11},"end":{"line":244,"column":5}},{"start":{"line":240,"column":11},"end":{"line":244,"column":5}}]},"10":{"loc":{"start":{"line":260,"column":2},"end":{"line":262,"column":3}},"type":"if","locations":[{"start":{"line":260,"column":2},"end":{"line":262,"column":3}}]},"11":{"loc":{"start":{"line":267,"column":4},"end":{"line":269,"column":5}},"type":"if","locations":[{"start":{"line":267,"column":4},"end":{"line":269,"column":5}}]},"12":{"loc":{"start":{"line":267,"column":8},"end":{"line":267,"column":38}},"type":"binary-expr","locations":[{"start":{"line":267,"column":8},"end":{"line":267,"column":22}},{"start":{"line":267,"column":26},"end":{"line":267,"column":38}}]},"13":{"loc":{"start":{"line":285,"column":2},"end":{"line":287,"column":3}},"type":"if","locations":[{"start":{"line":285,"column":2},"end":{"line":287,"column":3}}]},"14":{"loc":{"start":{"line":290,"column":2},"end":{"line":296,"column":3}},"type":"if","locations":[{"start":{"line":290,"column":2},"end":{"line":296,"column":3}}]},"15":{"loc":{"start":{"line":300,"column":2},"end":{"line":306,"column":3}},"type":"if","locations":[{"start":{"line":300,"column":2},"end":{"line":306,"column":3}}]}},"s":{"0":1,"1":1,"2":1,"3":1,"4":40,"5":40,"6":40,"7":40,"8":33,"9":40,"10":38,"11":6,"12":6,"13":6,"14":32,"15":6,"16":0,"17":6,"18":6,"19":6,"20":0,"21":6,"22":17,"23":17,"24":15,"25":8,"26":8,"27":7,"28":1,"29":7,"30":5,"31":2,"32":2,"33":2,"34":2,"35":43,"36":0,"37":43,"38":43,"39":43,"40":9,"41":34,"42":0,"43":42,"44":37,"45":5,"46":1,"47":1,"48":2,"49":1,"50":4,"51":1,"52":1,"53":1,"54":1,"55":3,"56":1},"f":{"0":40,"1":6,"2":6,"3":17,"4":43,"5":42,"6":1},"b":{"0":[17],"1":[33],"2":[6],"3":[38,12],"4":[0],"5":[0],"6":[8,7],"7":[7],"8":[8,7],"9":[5,2],"10":[0],"11":[9],"12":[43,36],"13":[37],"14":[1],"15":[1]}}
,"/Users/cns/httpdocs/cddo/ndx/src/try/api/configurations-service.ts": {"path":"/Users/cns/httpdocs/cddo/ndx/src/try/api/configurations-service.ts","statementMap":{"0":{"start":{"line":106,"column":0},"end":{"line":106,"column":7}},"1":{"start":{"line":204,"column":0},"end":{"line":204,"column":16}},"2":{"start":{"line":13,"column":0},"end":{"line":13,"column":42}},"3":{"start":{"line":58,"column":21},"end":{"line":72,"column":8}},"4":{"start":{"line":77,"column":46},"end":{"line":81,"column":2}},"5":{"start":{"line":86,"column":32},"end":{"line":86,"column":53}},"6":{"start":{"line":91,"column":24},"end":{"line":91,"column":29}},"7":{"start":{"line":107,"column":21},"end":{"line":107,"column":42}},"8":{"start":{"line":108,"column":20},"end":{"line":108,"column":73}},"9":{"start":{"line":108,"column":37},"end":{"line":108,"column":55}},"10":{"start":{"line":110,"column":2},"end":{"line":170,"column":3}},"11":{"start":{"line":111,"column":21},"end":{"line":115,"column":6}},"12":{"start":{"line":117,"column":4},"end":{"line":117,"column":28}},"13":{"start":{"line":119,"column":4},"end":{"line":125,"column":5}},"14":{"start":{"line":120,"column":6},"end":{"line":120,"column":97}},"15":{"start":{"line":121,"column":6},"end":{"line":124,"column":8}},"16":{"start":{"line":127,"column":46},"end":{"line":127,"column":67}},"17":{"start":{"line":130,"column":23},"end":{"line":130,"column":60}},"18":{"start":{"line":133,"column":4},"end":{"line":142,"column":5}},"19":{"start":{"line":134,"column":6},"end":{"line":134,"column":87}},"20":{"start":{"line":135,"column":6},"end":{"line":141,"column":8}},"21":{"start":{"line":144,"column":4},"end":{"line":151,"column":6}},"22":{"start":{"line":153,"column":4},"end":{"line":153,"column":28}},"23":{"start":{"line":155,"column":4},"end":{"line":164,"column":5}},"24":{"start":{"line":156,"column":6},"end":{"line":162,"column":7}},"25":{"start":{"line":157,"column":8},"end":{"line":157,"column":66}},"26":{"start":{"line":158,"column":8},"end":{"line":161,"column":10}},"27":{"start":{"line":163,"column":6},"end":{"line":163,"column":76}},"28":{"start":{"line":166,"column":4},"end":{"line":169,"column":6}},"29":{"start":{"line":181,"column":2},"end":{"line":195,"column":3}},"30":{"start":{"line":183,"column":6},"end":{"line":183,"column":43}},"31":{"start":{"line":185,"column":6},"end":{"line":185,"column":67}},"32":{"start":{"line":187,"column":6},"end":{"line":187,"column":64}},"33":{"start":{"line":192,"column":6},"end":{"line":192,"column":87}},"34":{"start":{"line":194,"column":6},"end":{"line":194,"column":63}},"35":{"start":{"line":205,"column":2},"end":{"line":205,"column":22}}},"fnMap":{"0":{"name":"fetchConfigurations","decl":{"start":{"line":106,"column":22},"end":{"line":106,"column":41}},"loc":{"start":{"line":106,"column":41},"end":{"line":171,"column":1}}},"1":{"name":"(anonymous_1)","decl":{"start":{"line":108,"column":31},"end":{"line":108,"column":34}},"loc":{"start":{"line":108,"column":37},"end":{"line":108,"column":55}}},"2":{"name":"getErrorMessage","decl":{"start":{"line":180,"column":9},"end":{"line":180,"column":24}},"loc":{"start":{"line":180,"column":39},"end":{"line":196,"column":1}}},"3":{"name":"getFallbackAup","decl":{"start":{"line":204,"column":16},"end":{"line":204,"column":30}},"loc":{"start":{"line":204,"column":30},"end":{"line":206,"column":1}}}},"branchMap":{"0":{"loc":{"start":{"line":119,"column":4},"end":{"line":125,"column":5}},"type":"if","locations":[{"start":{"line":119,"column":4},"end":{"line":125,"column":5}}]},"1":{"loc":{"start":{"line":130,"column":23},"end":{"line":130,"column":60}},"type":"binary-expr","locations":[{"start":{"line":130,"column":23},"end":{"line":130,"column":45}},{"start":{"line":130,"column":49},"end":{"line":130,"column":60}}]},"2":{"loc":{"start":{"line":133,"column":4},"end":{"line":142,"column":5}},"type":"if","locations":[{"start":{"line":133,"column":4},"end":{"line":142,"column":5}}]},"3":{"loc":{"start":{"line":133,"column":8},"end":{"line":133,"column":53}},"type":"binary-expr","locations":[{"start":{"line":133,"column":8},"end":{"line":133,"column":19}},{"start":{"line":133,"column":23},"end":{"line":133,"column":53}}]},"4":{"loc":{"start":{"line":147,"column":19},"end":{"line":147,"column":64}},"type":"binary-expr","locations":[{"start":{"line":147,"column":19},"end":{"line":147,"column":36}},{"start":{"line":147,"column":40},"end":{"line":147,"column":64}}]},"5":{"loc":{"start":{"line":148,"column":23},"end":{"line":148,"column":76}},"type":"binary-expr","locations":[{"start":{"line":148,"column":23},"end":{"line":148,"column":44}},{"start":{"line":148,"column":48},"end":{"line":148,"column":76}}]},"6":{"loc":{"start":{"line":155,"column":4},"end":{"line":164,"column":5}},"type":"if","locations":[{"start":{"line":155,"column":4},"end":{"line":164,"column":5}}]},"7":{"loc":{"start":{"line":156,"column":6},"end":{"line":162,"column":7}},"type":"if","locations":[{"start":{"line":156,"column":6},"end":{"line":162,"column":7}}]},"8":{"loc":{"start":{"line":181,"column":2},"end":{"line":195,"column":3}},"type":"switch","locations":[{"start":{"line":182,"column":4},"end":{"line":183,"column":43}},{"start":{"line":184,"column":4},"end":{"line":185,"column":67}},{"start":{"line":186,"column":4},"end":{"line":187,"column":64}},{"start":{"line":188,"column":4},"end":{"line":188,"column":13}},{"start":{"line":189,"column":4},"end":{"line":189,"column":13}},{"start":{"line":190,"column":4},"end":{"line":190,"column":13}},{"start":{"line":191,"column":4},"end":{"line":192,"column":87}},{"start":{"line":193,"column":4},"end":{"line":194,"column":63}}]}},"s":{"0":1,"1":1,"2":1,"3":1,"4":1,"5":1,"6":1,"7":20,"8":20,"9":0,"10":20,"11":20,"12":17,"13":17,"14":8,"15":8,"16":9,"17":9,"18":9,"19":2,"20":2,"21":7,"22":3,"23":3,"24":2,"25":1,"26":1,"27":1,"28":2,"29":8,"30":1,"31":1,"32":1,"33":4,"34":1,"35":2},"f":{"0":20,"1":0,"2":8,"3":2},"b":{"0":[8],"1":[9,2],"2":[2],"3":[9,8],"4":[7,1],"5":[7,1],"6":[2],"7":[1],"8":[1,1,1,1,2,3,4,1]}}
,"/Users/cns/httpdocs/cddo/ndx/src/try/api/leases-service.ts": {"path":"/Users/cns/httpdocs/cddo/ndx/src/try/api/leases-service.ts","statementMap":{"0":{"start":{"line":115,"column":0},"end":{"line":115,"column":7}},"1":{"start":{"line":12,"column":0},"end":{"line":12,"column":42}},"2":{"start":{"line":59,"column":19},"end":{"line":65,"column":11}},"3":{"start":{"line":70,"column":24},"end":{"line":70,"column":37}},"4":{"start":{"line":75,"column":24},"end":{"line":75,"column":29}},"5":{"start":{"line":82,"column":2},"end":{"line":82,"column":61}},"6":{"start":{"line":82,"column":51},"end":{"line":82,"column":61}},"7":{"start":{"line":83,"column":15},"end":{"line":83,"column":79}},"8":{"start":{"line":84,"column":2},"end":{"line":84,"column":48}},"9":{"start":{"line":91,"column":2},"end":{"line":91,"column":76}},"10":{"start":{"line":116,"column":21},"end":{"line":116,"column":42}},"11":{"start":{"line":117,"column":20},"end":{"line":117,"column":73}},"12":{"start":{"line":117,"column":37},"end":{"line":117,"column":55}},"13":{"start":{"line":119,"column":32},"end":{"line":122,"column":4}},"14":{"start":{"line":124,"column":2},"end":{"line":274,"column":3}},"15":{"start":{"line":125,"column":21},"end":{"line":130,"column":6}},"16":{"start":{"line":132,"column":4},"end":{"line":132,"column":28}},"17":{"start":{"line":135,"column":4},"end":{"line":141,"column":5}},"18":{"start":{"line":136,"column":35},"end":{"line":136,"column":56}},"19":{"start":{"line":137,"column":6},"end":{"line":140,"column":8}},"20":{"start":{"line":145,"column":22},"end":{"line":145,"column":61}},"21":{"start":{"line":145,"column":56},"end":{"line":145,"column":60}},"22":{"start":{"line":146,"column":25},"end":{"line":146,"column":54}},"23":{"start":{"line":148,"column":4},"end":{"line":242,"column":5}},"24":{"start":{"line":151,"column":8},"end":{"line":157,"column":9}},"25":{"start":{"line":152,"column":10},"end":{"line":156,"column":12}},"26":{"start":{"line":160,"column":8},"end":{"line":164,"column":10}},"27":{"start":{"line":169,"column":8},"end":{"line":169,"column":67}},"28":{"start":{"line":171,"column":8},"end":{"line":177,"column":9}},"29":{"start":{"line":172,"column":10},"end":{"line":176,"column":12}},"30":{"start":{"line":179,"column":8},"end":{"line":185,"column":9}},"31":{"start":{"line":180,"column":10},"end":{"line":184,"column":12}},"32":{"start":{"line":187,"column":8},"end":{"line":191,"column":10}},"33":{"start":{"line":196,"column":8},"end":{"line":196,"column":69}},"34":{"start":{"line":198,"column":8},"end":{"line":202,"column":10}},"35":{"start":{"line":208,"column":8},"end":{"line":212,"column":10}},"36":{"start":{"line":216,"column":8},"end":{"line":216,"column":67}},"37":{"start":{"line":217,"column":8},"end":{"line":221,"column":10}},"38":{"start":{"line":229,"column":8},"end":{"line":233,"column":10}},"39":{"start":{"line":236,"column":8},"end":{"line":236,"column":78}},"40":{"start":{"line":237,"column":8},"end":{"line":241,"column":10}},"41":{"start":{"line":244,"column":4},"end":{"line":244,"column":28}},"42":{"start":{"line":246,"column":4},"end":{"line":267,"column":5}},"43":{"start":{"line":248,"column":6},"end":{"line":255,"column":7}},"44":{"start":{"line":249,"column":8},"end":{"line":249,"column":58}},"45":{"start":{"line":250,"column":8},"end":{"line":254,"column":10}},"46":{"start":{"line":258,"column":6},"end":{"line":264,"column":7}},"47":{"start":{"line":259,"column":8},"end":{"line":263,"column":10}},"48":{"start":{"line":266,"column":6},"end":{"line":266,"column":68}},"49":{"start":{"line":269,"column":4},"end":{"line":273,"column":6}}},"fnMap":{"0":{"name":"getApiErrorMessage","decl":{"start":{"line":81,"column":9},"end":{"line":81,"column":27}},"loc":{"start":{"line":81,"column":46},"end":{"line":85,"column":1}}},"1":{"name":"matchesApiError","decl":{"start":{"line":90,"column":9},"end":{"line":90,"column":24}},"loc":{"start":{"line":90,"column":75},"end":{"line":92,"column":1}}},"2":{"name":"createLease","decl":{"start":{"line":115,"column":22},"end":{"line":115,"column":33}},"loc":{"start":{"line":115,"column":57},"end":{"line":275,"column":1}}},"3":{"name":"(anonymous_3)","decl":{"start":{"line":117,"column":31},"end":{"line":117,"column":34}},"loc":{"start":{"line":117,"column":37},"end":{"line":117,"column":55}}},"4":{"name":"(anonymous_4)","decl":{"start":{"line":145,"column":50},"end":{"line":145,"column":53}},"loc":{"start":{"line":145,"column":56},"end":{"line":145,"column":60}}}},"branchMap":{"0":{"loc":{"start":{"line":82,"column":2},"end":{"line":82,"column":61}},"type":"if","locations":[{"start":{"line":82,"column":2},"end":{"line":82,"column":61}}]},"1":{"loc":{"start":{"line":82,"column":6},"end":{"line":82,"column":49}},"type":"binary-expr","locations":[{"start":{"line":82,"column":6},"end":{"line":82,"column":16}},{"start":{"line":82,"column":20},"end":{"line":82,"column":49}}]},"2":{"loc":{"start":{"line":84,"column":9},"end":{"line":84,"column":47}},"type":"binary-expr","locations":[{"start":{"line":84,"column":9},"end":{"line":84,"column":41}},{"start":{"line":84,"column":45},"end":{"line":84,"column":47}}]},"3":{"loc":{"start":{"line":135,"column":4},"end":{"line":141,"column":5}},"type":"if","locations":[{"start":{"line":135,"column":4},"end":{"line":141,"column":5}}]},"4":{"loc":{"start":{"line":148,"column":4},"end":{"line":242,"column":5}},"type":"switch","locations":[{"start":{"line":149,"column":6},"end":{"line":165,"column":7}},{"start":{"line":167,"column":6},"end":{"line":192,"column":7}},{"start":{"line":194,"column":6},"end":{"line":203,"column":7}},{"start":{"line":205,"column":6},"end":{"line":212,"column":10}},{"start":{"line":214,"column":6},"end":{"line":222,"column":7}},{"start":{"line":224,"column":6},"end":{"line":224,"column":15}},{"start":{"line":225,"column":6},"end":{"line":225,"column":15}},{"start":{"line":226,"column":6},"end":{"line":226,"column":15}},{"start":{"line":227,"column":6},"end":{"line":233,"column":10}},{"start":{"line":235,"column":6},"end":{"line":241,"column":10}}]},"5":{"loc":{"start":{"line":151,"column":8},"end":{"line":157,"column":9}},"type":"if","locations":[{"start":{"line":151,"column":8},"end":{"line":157,"column":9}}]},"6":{"loc":{"start":{"line":171,"column":8},"end":{"line":177,"column":9}},"type":"if","locations":[{"start":{"line":171,"column":8},"end":{"line":177,"column":9}}]},"7":{"loc":{"start":{"line":179,"column":8},"end":{"line":185,"column":9}},"type":"if","locations":[{"start":{"line":179,"column":8},"end":{"line":185,"column":9}}]},"8":{"loc":{"start":{"line":246,"column":4},"end":{"line":267,"column":5}},"type":"if","locations":[{"start":{"line":246,"column":4},"end":{"line":267,"column":5}}]},"9":{"loc":{"start":{"line":248,"column":6},"end":{"line":255,"column":7}},"type":"if","locations":[{"start":{"line":248,"column":6},"end":{"line":255,"column":7}}]},"10":{"loc":{"start":{"line":258,"column":6},"end":{"line":264,"column":7}},"type":"if","locations":[{"start":{"line":258,"column":6},"end":{"line":264,"column":7}}]}},"s":{"0":1,"1":1,"2":1,"3":1,"4":1,"5":15,"6":1,"7":14,"8":14,"9":9,"10":22,"11":22,"12":0,"13":22,"14":22,"15":22,"16":18,"17":18,"18":3,"19":3,"20":15,"21":1,"22":15,"23":15,"24":4,"25":1,"26":3,"27":3,"28":3,"29":1,"30":2,"31":1,"32":1,"33":1,"34":1,"35":1,"36":1,"37":1,"38":4,"39":1,"40":1,"41":4,"42":4,"43":3,"44":1,"45":1,"46":2,"47":1,"48":1,"49":2},"f":{"0":15,"1":9,"2":22,"3":0,"4":1},"b":{"0":[1],"1":[15,14],"2":[14,6],"3":[3],"4":[4,3,1,1,1,1,2,3,4,1],"5":[1],"6":[1],"7":[1],"8":[3],"9":[1],"10":[1]}}
,"/Users/cns/httpdocs/cddo/ndx/src/try/api/sessions-service.ts": {"path":"/Users/cns/httpdocs/cddo/ndx/src/try/api/sessions-service.ts","statementMap":{"0":{"start":{"line":110,"column":0},"end":{"line":110,"column":7}},"1":{"start":{"line":271,"column":0},"end":{"line":271,"column":16}},"2":{"start":{"line":281,"column":0},"end":{"line":281,"column":16}},"3":{"start":{"line":296,"column":0},"end":{"line":296,"column":16}},"4":{"start":{"line":12,"column":0},"end":{"line":12,"column":59}},"5":{"start":{"line":13,"column":0},"end":{"line":13,"column":35}},"6":{"start":{"line":90,"column":24},"end":{"line":90,"column":37}},"7":{"start":{"line":95,"column":24},"end":{"line":95,"column":29}},"8":{"start":{"line":111,"column":21},"end":{"line":111,"column":42}},"9":{"start":{"line":112,"column":20},"end":{"line":112,"column":73}},"10":{"start":{"line":112,"column":37},"end":{"line":112,"column":55}},"11":{"start":{"line":114,"column":2},"end":{"line":196,"column":3}},"12":{"start":{"line":116,"column":23},"end":{"line":116,"column":46}},"13":{"start":{"line":117,"column":4},"end":{"line":123,"column":5}},"14":{"start":{"line":118,"column":6},"end":{"line":118,"column":88}},"15":{"start":{"line":119,"column":6},"end":{"line":122,"column":8}},"16":{"start":{"line":125,"column":22},"end":{"line":125,"column":63}},"17":{"start":{"line":126,"column":21},"end":{"line":126,"column":64}},"18":{"start":{"line":128,"column":21},"end":{"line":132,"column":6}},"19":{"start":{"line":134,"column":4},"end":{"line":134,"column":28}},"20":{"start":{"line":136,"column":4},"end":{"line":142,"column":5}},"21":{"start":{"line":137,"column":6},"end":{"line":137,"column":91}},"22":{"start":{"line":138,"column":6},"end":{"line":141,"column":8}},"23":{"start":{"line":144,"column":17},"end":{"line":144,"column":38}},"24":{"start":{"line":147,"column":32},"end":{"line":147,"column":34}},"25":{"start":{"line":149,"column":4},"end":{"line":157,"column":5}},"26":{"start":{"line":150,"column":6},"end":{"line":150,"column":35}},"27":{"start":{"line":151,"column":11},"end":{"line":157,"column":5}},"28":{"start":{"line":153,"column":6},"end":{"line":153,"column":23}},"29":{"start":{"line":154,"column":11},"end":{"line":157,"column":5}},"30":{"start":{"line":156,"column":6},"end":{"line":156,"column":30}},"31":{"start":{"line":160,"column":28},"end":{"line":160,"column":57}},"32":{"start":{"line":163,"column":4},"end":{"line":163,"column":93}},"33":{"start":{"line":163,"column":26},"end":{"line":163,"column":91}},"34":{"start":{"line":165,"column":4},"end":{"line":168,"column":6}},"35":{"start":{"line":170,"column":4},"end":{"line":170,"column":28}},"36":{"start":{"line":172,"column":4},"end":{"line":190,"column":5}},"37":{"start":{"line":173,"column":6},"end":{"line":179,"column":7}},"38":{"start":{"line":174,"column":8},"end":{"line":174,"column":60}},"39":{"start":{"line":175,"column":8},"end":{"line":178,"column":10}},"40":{"start":{"line":182,"column":6},"end":{"line":187,"column":7}},"41":{"start":{"line":183,"column":8},"end":{"line":186,"column":10}},"42":{"start":{"line":189,"column":6},"end":{"line":189,"column":70}},"43":{"start":{"line":192,"column":4},"end":{"line":195,"column":6}},"44":{"start":{"line":207,"column":28},"end":{"line":207,"column":37}},"45":{"start":{"line":208,"column":2},"end":{"line":224,"column":3}},"46":{"start":{"line":210,"column":6},"end":{"line":210,"column":24}},"47":{"start":{"line":211,"column":6},"end":{"line":211,"column":12}},"48":{"start":{"line":213,"column":6},"end":{"line":213,"column":25}},"49":{"start":{"line":214,"column":6},"end":{"line":214,"column":12}},"50":{"start":{"line":216,"column":6},"end":{"line":216,"column":25}},"51":{"start":{"line":217,"column":6},"end":{"line":217,"column":12}},"52":{"start":{"line":219,"column":6},"end":{"line":219,"column":28}},"53":{"start":{"line":220,"column":6},"end":{"line":220,"column":12}},"54":{"start":{"line":222,"column":6},"end":{"line":222,"column":36}},"55":{"start":{"line":223,"column":6},"end":{"line":223,"column":12}},"56":{"start":{"line":226,"column":2},"end":{"line":238,"column":4}},"57":{"start":{"line":248,"column":2},"end":{"line":262,"column":3}},"58":{"start":{"line":250,"column":6},"end":{"line":250,"column":53}},"59":{"start":{"line":252,"column":6},"end":{"line":252,"column":60}},"60":{"start":{"line":254,"column":6},"end":{"line":254,"column":35}},"61":{"start":{"line":259,"column":6},"end":{"line":259,"column":87}},"62":{"start":{"line":261,"column":6},"end":{"line":261,"column":63}},"63":{"start":{"line":272,"column":2},"end":{"line":272,"column":35}},"64":{"start":{"line":282,"column":2},"end":{"line":282,"column":36}},"65":{"start":{"line":298,"column":2},"end":{"line":300,"column":3}},"66":{"start":{"line":299,"column":4},"end":{"line":299,"column":33}},"67":{"start":{"line":303,"column":18},"end":{"line":303,"column":40}},"68":{"start":{"line":304,"column":20},"end":{"line":304,"column":38}},"69":{"start":{"line":305,"column":19},"end":{"line":305,"column":37}},"70":{"start":{"line":307,"column":2},"end":{"line":307,"column":78}}},"fnMap":{"0":{"name":"fetchUserLeases","decl":{"start":{"line":110,"column":22},"end":{"line":110,"column":37}},"loc":{"start":{"line":110,"column":37},"end":{"line":197,"column":1}}},"1":{"name":"(anonymous_1)","decl":{"start":{"line":112,"column":31},"end":{"line":112,"column":34}},"loc":{"start":{"line":112,"column":37},"end":{"line":112,"column":55}}},"2":{"name":"(anonymous_2)","decl":{"start":{"line":163,"column":16},"end":{"line":163,"column":17}},"loc":{"start":{"line":163,"column":26},"end":{"line":163,"column":91}}},"3":{"name":"transformLease","decl":{"start":{"line":205,"column":9},"end":{"line":205,"column":23}},"loc":{"start":{"line":205,"column":37},"end":{"line":239,"column":1}}},"4":{"name":"getErrorMessage","decl":{"start":{"line":247,"column":9},"end":{"line":247,"column":24}},"loc":{"start":{"line":247,"column":39},"end":{"line":263,"column":1}}},"5":{"name":"isLeaseActive","decl":{"start":{"line":271,"column":16},"end":{"line":271,"column":29}},"loc":{"start":{"line":271,"column":42},"end":{"line":273,"column":1}}},"6":{"name":"isLeasePending","decl":{"start":{"line":281,"column":16},"end":{"line":281,"column":30}},"loc":{"start":{"line":281,"column":43},"end":{"line":283,"column":1}}},"7":{"name":"getSsoUrl","decl":{"start":{"line":296,"column":16},"end":{"line":296,"column":25}},"loc":{"start":{"line":296,"column":38},"end":{"line":308,"column":1}}}},"branchMap":{"0":{"loc":{"start":{"line":117,"column":4},"end":{"line":123,"column":5}},"type":"if","locations":[{"start":{"line":117,"column":4},"end":{"line":123,"column":5}}]},"1":{"loc":{"start":{"line":117,"column":8},"end":{"line":117,"column":60}},"type":"binary-expr","locations":[{"start":{"line":117,"column":8},"end":{"line":117,"column":33}},{"start":{"line":117,"column":37},"end":{"line":117,"column":60}}]},"2":{"loc":{"start":{"line":136,"column":4},"end":{"line":142,"column":5}},"type":"if","locations":[{"start":{"line":136,"column":4},"end":{"line":142,"column":5}}]},"3":{"loc":{"start":{"line":149,"column":4},"end":{"line":157,"column":5}},"type":"if","locations":[{"start":{"line":149,"column":4},"end":{"line":157,"column":5}},{"start":{"line":151,"column":11},"end":{"line":157,"column":5}}]},"4":{"loc":{"start":{"line":149,"column":8},"end":{"line":149,"column":71}},"type":"binary-expr","locations":[{"start":{"line":149,"column":8},"end":{"line":149,"column":34}},{"start":{"line":149,"column":38},"end":{"line":149,"column":71}}]},"5":{"loc":{"start":{"line":151,"column":11},"end":{"line":157,"column":5}},"type":"if","locations":[{"start":{"line":151,"column":11},"end":{"line":157,"column":5}},{"start":{"line":154,"column":11},"end":{"line":157,"column":5}}]},"6":{"loc":{"start":{"line":154,"column":11},"end":{"line":157,"column":5}},"type":"if","locations":[{"start":{"line":154,"column":11},"end":{"line":157,"column":5}}]},"7":{"loc":{"start":{"line":172,"column":4},"end":{"line":190,"column":5}},"type":"if","locations":[{"start":{"line":172,"column":4},"end":{"line":190,"column":5}}]},"8":{"loc":{"start":{"line":173,"column":6},"end":{"line":179,"column":7}},"type":"if","locations":[{"start":{"line":173,"column":6},"end":{"line":179,"column":7}}]},"9":{"loc":{"start":{"line":182,"column":6},"end":{"line":187,"column":7}},"type":"if","locations":[{"start":{"line":182,"column":6},"end":{"line":187,"column":7}}]},"10":{"loc":{"start":{"line":208,"column":2},"end":{"line":224,"column":3}},"type":"switch","locations":[{"start":{"line":209,"column":4},"end":{"line":211,"column":12}},{"start":{"line":212,"column":4},"end":{"line":214,"column":12}},{"start":{"line":215,"column":4},"end":{"line":217,"column":12}},{"start":{"line":218,"column":4},"end":{"line":220,"column":12}},{"start":{"line":221,"column":4},"end":{"line":223,"column":12}}]},"11":{"loc":{"start":{"line":232,"column":15},"end":{"line":232,"column":53}},"type":"binary-expr","locations":[{"start":{"line":232,"column":15},"end":{"line":232,"column":36}},{"start":{"line":232,"column":40},"end":{"line":232,"column":53}}]},"12":{"loc":{"start":{"line":248,"column":2},"end":{"line":262,"column":3}},"type":"switch","locations":[{"start":{"line":249,"column":4},"end":{"line":250,"column":53}},{"start":{"line":251,"column":4},"end":{"line":252,"column":60}},{"start":{"line":253,"column":4},"end":{"line":254,"column":35}},{"start":{"line":255,"column":4},"end":{"line":255,"column":13}},{"start":{"line":256,"column":4},"end":{"line":256,"column":13}},{"start":{"line":257,"column":4},"end":{"line":257,"column":13}},{"start":{"line":258,"column":4},"end":{"line":259,"column":87}},{"start":{"line":260,"column":4},"end":{"line":261,"column":63}}]},"13":{"loc":{"start":{"line":298,"column":2},"end":{"line":300,"column":3}},"type":"if","locations":[{"start":{"line":298,"column":2},"end":{"line":300,"column":3}}]}},"s":{"0":1,"1":1,"2":1,"3":1,"4":1,"5":1,"6":1,"7":1,"8":24,"9":24,"10":0,"11":24,"12":24,"13":24,"14":2,"15":2,"16":22,"17":22,"18":22,"19":20,"20":20,"21":6,"22":6,"23":14,"24":14,"25":14,"26":12,"27":2,"28":1,"29":1,"30":1,"31":14,"32":14,"33":1,"34":14,"35":2,"36":2,"37":2,"38":0,"39":0,"40":2,"41":1,"42":1,"43":1,"44":13,"45":13,"46":8,"47":8,"48":1,"49":1,"50":1,"51":1,"52":1,"53":1,"54":1,"55":1,"56":13,"57":6,"58":1,"59":1,"60":1,"61":2,"62":1,"63":5,"64":5,"65":2,"66":1,"67":1,"68":1,"69":1,"70":1},"f":{"0":24,"1":0,"2":1,"3":13,"4":6,"5":5,"6":5,"7":2},"b":{"0":[2],"1":[24,23],"2":[6],"3":[12,2],"4":[14,12],"5":[1,1],"6":[1],"7":[2],"8":[0],"9":[1],"10":[8,1,1,1,1],"11":[13,1],"12":[1,1,1,1,1,2,2,1],"13":[1]}}
,"/Users/cns/httpdocs/cddo/ndx/src/try/auth/auth-provider.ts": {"path":"/Users/cns/httpdocs/cddo/ndx/src/try/auth/auth-provider.ts","statementMap":{"0":{"start":{"line":54,"column":10},"end":{"line":54,"column":46}},"1":{"start":{"line":62,"column":19},"end":{"line":62,"column":41}},"2":{"start":{"line":85,"column":4},"end":{"line":88,"column":5}},"3":{"start":{"line":86,"column":6},"end":{"line":86,"column":87}},"4":{"start":{"line":87,"column":6},"end":{"line":87,"column":19}},"5":{"start":{"line":90,"column":18},"end":{"line":90,"column":56}},"6":{"start":{"line":91,"column":4},"end":{"line":91,"column":42}},"7":{"start":{"line":116,"column":4},"end":{"line":116,"column":34}},"8":{"start":{"line":119,"column":4},"end":{"line":119,"column":37}},"9":{"start":{"line":142,"column":19},"end":{"line":142,"column":41}},"10":{"start":{"line":143,"column":4},"end":{"line":143,"column":59}},"11":{"start":{"line":143,"column":41},"end":{"line":143,"column":57}},"12":{"start":{"line":164,"column":4},"end":{"line":167,"column":5}},"13":{"start":{"line":165,"column":6},"end":{"line":165,"column":85}},"14":{"start":{"line":166,"column":6},"end":{"line":166,"column":13}},"15":{"start":{"line":169,"column":4},"end":{"line":169,"column":50}},"16":{"start":{"line":170,"column":4},"end":{"line":170,"column":18}},"17":{"start":{"line":189,"column":4},"end":{"line":192,"column":5}},"18":{"start":{"line":190,"column":6},"end":{"line":190,"column":83}},"19":{"start":{"line":191,"column":6},"end":{"line":191,"column":13}},"20":{"start":{"line":194,"column":4},"end":{"line":194,"column":46}},"21":{"start":{"line":195,"column":4},"end":{"line":195,"column":18}},"22":{"start":{"line":217,"column":13},"end":{"line":217,"column":41}}},"fnMap":{"0":{"name":"(anonymous_0)","decl":{"start":{"line":49,"column":0},"end":{"line":49,"column":6}},"loc":{"start":{"line":49,"column":0},"end":{"line":197,"column":1}}},"1":{"name":"(anonymous_1)","decl":{"start":{"line":82,"column":2},"end":{"line":82,"column":17}},"loc":{"start":{"line":82,"column":17},"end":{"line":92,"column":3}}},"2":{"name":"(anonymous_2)","decl":{"start":{"line":115,"column":2},"end":{"line":115,"column":11}},"loc":{"start":{"line":115,"column":39},"end":{"line":120,"column":3}}},"3":{"name":"(anonymous_3)","decl":{"start":{"line":141,"column":2},"end":{"line":141,"column":8}},"loc":{"start":{"line":141,"column":8},"end":{"line":144,"column":3}}},"4":{"name":"(anonymous_4)","decl":{"start":{"line":143,"column":27},"end":{"line":143,"column":28}},"loc":{"start":{"line":143,"column":41},"end":{"line":143,"column":57}}},"5":{"name":"(anonymous_5)","decl":{"start":{"line":163,"column":2},"end":{"line":163,"column":7}},"loc":{"start":{"line":163,"column":21},"end":{"line":171,"column":3}}},"6":{"name":"(anonymous_6)","decl":{"start":{"line":188,"column":2},"end":{"line":188,"column":8}},"loc":{"start":{"line":188,"column":8},"end":{"line":196,"column":3}}}},"branchMap":{"0":{"loc":{"start":{"line":85,"column":4},"end":{"line":88,"column":5}},"type":"if","locations":[{"start":{"line":85,"column":4},"end":{"line":88,"column":5}}]},"1":{"loc":{"start":{"line":91,"column":11},"end":{"line":91,"column":41}},"type":"binary-expr","locations":[{"start":{"line":91,"column":11},"end":{"line":91,"column":25}},{"start":{"line":91,"column":29},"end":{"line":91,"column":41}}]},"2":{"loc":{"start":{"line":164,"column":4},"end":{"line":167,"column":5}},"type":"if","locations":[{"start":{"line":164,"column":4},"end":{"line":167,"column":5}}]},"3":{"loc":{"start":{"line":189,"column":4},"end":{"line":192,"column":5}},"type":"if","locations":[{"start":{"line":189,"column":4},"end":{"line":192,"column":5}}]}},"s":{"0":1,"1":1,"2":27,"3":0,"4":0,"5":27,"6":27,"7":13,"8":13,"9":9,"10":9,"11":78,"12":4,"13":0,"14":0,"15":4,"16":4,"17":3,"18":0,"19":0,"20":3,"21":3,"22":1},"f":{"0":1,"1":27,"2":13,"3":9,"4":78,"5":4,"6":3},"b":{"0":[0],"1":[27,11],"2":[0],"3":[0]}}
,"/Users/cns/httpdocs/cddo/ndx/src/try/auth/oauth-flow.ts": {"path":"/Users/cns/httpdocs/cddo/ndx/src/try/auth/oauth-flow.ts","statementMap":{"0":{"start":{"line":61,"column":0},"end":{"line":61,"column":16}},"1":{"start":{"line":99,"column":0},"end":{"line":99,"column":16}},"2":{"start":{"line":129,"column":0},"end":{"line":129,"column":16}},"3":{"start":{"line":170,"column":0},"end":{"line":170,"column":16}},"4":{"start":{"line":230,"column":0},"end":{"line":230,"column":16}},"5":{"start":{"line":274,"column":0},"end":{"line":274,"column":16}},"6":{"start":{"line":317,"column":0},"end":{"line":317,"column":16}},"7":{"start":{"line":23,"column":23},"end":{"line":23,"column":39}},"8":{"start":{"line":30,"column":22},"end":{"line":30,"column":33}},"9":{"start":{"line":63,"column":2},"end":{"line":65,"column":3}},"10":{"start":{"line":64,"column":4},"end":{"line":64,"column":11}},"11":{"start":{"line":68,"column":2},"end":{"line":71,"column":3}},"12":{"start":{"line":69,"column":4},"end":{"line":69,"column":85}},"13":{"start":{"line":70,"column":4},"end":{"line":70,"column":11}},"14":{"start":{"line":73,"column":20},"end":{"line":73,"column":40}},"15":{"start":{"line":75,"column":2},"end":{"line":79,"column":3}},"16":{"start":{"line":76,"column":4},"end":{"line":76,"column":54}},"17":{"start":{"line":78,"column":4},"end":{"line":78,"column":68}},"18":{"start":{"line":101,"column":2},"end":{"line":104,"column":3}},"19":{"start":{"line":102,"column":4},"end":{"line":102,"column":83}},"20":{"start":{"line":103,"column":4},"end":{"line":103,"column":15}},"21":{"start":{"line":106,"column":2},"end":{"line":112,"column":3}},"22":{"start":{"line":107,"column":22},"end":{"line":107,"column":60}},"23":{"start":{"line":108,"column":4},"end":{"line":108,"column":28}},"24":{"start":{"line":110,"column":4},"end":{"line":110,"column":71}},"25":{"start":{"line":111,"column":4},"end":{"line":111,"column":15}},"26":{"start":{"line":131,"column":2},"end":{"line":134,"column":3}},"27":{"start":{"line":132,"column":4},"end":{"line":132,"column":87}},"28":{"start":{"line":133,"column":4},"end":{"line":133,"column":11}},"29":{"start":{"line":136,"column":2},"end":{"line":140,"column":3}},"30":{"start":{"line":137,"column":4},"end":{"line":137,"column":46}},"31":{"start":{"line":139,"column":4},"end":{"line":139,"column":68}},"32":{"start":{"line":171,"column":20},"end":{"line":171,"column":63}},"33":{"start":{"line":172,"column":20},"end":{"line":172,"column":42}},"34":{"start":{"line":174,"column":2},"end":{"line":176,"column":3}},"35":{"start":{"line":175,"column":4},"end":{"line":175,"column":16}},"36":{"start":{"line":183,"column":48},"end":{"line":190,"column":4}},"37":{"start":{"line":193,"column":4},"end":{"line":194,"column":57}},"38":{"start":{"line":196,"column":2},"end":{"line":196,"column":38}},"39":{"start":{"line":204,"column":22},"end":{"line":204,"column":31}},"40":{"start":{"line":231,"column":2},"end":{"line":251,"column":3}},"41":{"start":{"line":232,"column":22},"end":{"line":232,"column":65}},"42":{"start":{"line":233,"column":18},"end":{"line":233,"column":40}},"43":{"start":{"line":236,"column":4},"end":{"line":238,"column":5}},"44":{"start":{"line":237,"column":6},"end":{"line":237,"column":19}},"45":{"start":{"line":241,"column":4},"end":{"line":247,"column":5}},"46":{"start":{"line":242,"column":6},"end":{"line":242,"column":51}},"47":{"start":{"line":243,"column":6},"end":{"line":243,"column":18}},"48":{"start":{"line":245,"column":6},"end":{"line":245,"column":94}},"49":{"start":{"line":246,"column":6},"end":{"line":246,"column":19}},"50":{"start":{"line":249,"column":4},"end":{"line":249,"column":74}},"51":{"start":{"line":250,"column":4},"end":{"line":250,"column":17}},"52":{"start":{"line":275,"column":2},"end":{"line":288,"column":3}},"53":{"start":{"line":277,"column":4},"end":{"line":280,"column":5}},"54":{"start":{"line":278,"column":6},"end":{"line":278,"column":83}},"55":{"start":{"line":279,"column":6},"end":{"line":279,"column":13}},"56":{"start":{"line":283,"column":21},"end":{"line":283,"column":45}},"57":{"start":{"line":284,"column":4},"end":{"line":284,"column":62}},"58":{"start":{"line":286,"column":4},"end":{"line":286,"column":87}},"59":{"start":{"line":318,"column":2},"end":{"line":318,"column":72}},"60":{"start":{"line":321,"column":25},"end":{"line":321,"column":46}},"61":{"start":{"line":322,"column":2},"end":{"line":322,"column":72}},"62":{"start":{"line":324,"column":2},"end":{"line":331,"column":3}},"63":{"start":{"line":327,"column":4},"end":{"line":327,"column":72}},"64":{"start":{"line":328,"column":4},"end":{"line":328,"column":21}},"65":{"start":{"line":329,"column":4},"end":{"line":329,"column":31}},"66":{"start":{"line":330,"column":4},"end":{"line":330,"column":11}},"67":{"start":{"line":334,"column":2},"end":{"line":334,"column":30}},"68":{"start":{"line":335,"column":2},"end":{"line":335,"column":87}},"69":{"start":{"line":338,"column":20},"end":{"line":338,"column":34}},"70":{"start":{"line":339,"column":2},"end":{"line":339,"column":72}},"71":{"start":{"line":342,"column":2},"end":{"line":342,"column":19}},"72":{"start":{"line":346,"column":2},"end":{"line":346,"column":74}},"73":{"start":{"line":347,"column":2},"end":{"line":350,"column":8}},"74":{"start":{"line":348,"column":4},"end":{"line":348,"column":67}},"75":{"start":{"line":349,"column":4},"end":{"line":349,"column":37}}},"fnMap":{"0":{"name":"storeReturnURL","decl":{"start":{"line":61,"column":16},"end":{"line":61,"column":30}},"loc":{"start":{"line":61,"column":30},"end":{"line":80,"column":1}}},"1":{"name":"getReturnURL","decl":{"start":{"line":99,"column":16},"end":{"line":99,"column":28}},"loc":{"start":{"line":99,"column":28},"end":{"line":113,"column":1}}},"2":{"name":"clearReturnURL","decl":{"start":{"line":129,"column":16},"end":{"line":129,"column":30}},"loc":{"start":{"line":129,"column":30},"end":{"line":141,"column":1}}},"3":{"name":"parseOAuthError","decl":{"start":{"line":170,"column":16},"end":{"line":170,"column":31}},"loc":{"start":{"line":170,"column":31},"end":{"line":197,"column":1}}},"4":{"name":"extractTokenFromURL","decl":{"start":{"line":230,"column":16},"end":{"line":230,"column":35}},"loc":{"start":{"line":230,"column":35},"end":{"line":252,"column":1}}},"5":{"name":"cleanupURLAfterExtraction","decl":{"start":{"line":274,"column":16},"end":{"line":274,"column":41}},"loc":{"start":{"line":274,"column":41},"end":{"line":289,"column":1}}},"6":{"name":"handleOAuthCallback","decl":{"start":{"line":317,"column":16},"end":{"line":317,"column":35}},"loc":{"start":{"line":317,"column":35},"end":{"line":351,"column":1}}},"7":{"name":"(anonymous_7)","decl":{"start":{"line":347,"column":13},"end":{"line":347,"column":16}},"loc":{"start":{"line":347,"column":18},"end":{"line":350,"column":3}}}},"branchMap":{"0":{"loc":{"start":{"line":63,"column":2},"end":{"line":65,"column":3}},"type":"if","locations":[{"start":{"line":63,"column":2},"end":{"line":65,"column":3}}]},"1":{"loc":{"start":{"line":63,"column":6},"end":{"line":63,"column":104}},"type":"binary-expr","locations":[{"start":{"line":63,"column":6},"end":{"line":63,"column":48}},{"start":{"line":63,"column":52},"end":{"line":63,"column":104}}]},"2":{"loc":{"start":{"line":68,"column":2},"end":{"line":71,"column":3}},"type":"if","locations":[{"start":{"line":68,"column":2},"end":{"line":71,"column":3}}]},"3":{"loc":{"start":{"line":101,"column":2},"end":{"line":104,"column":3}},"type":"if","locations":[{"start":{"line":101,"column":2},"end":{"line":104,"column":3}}]},"4":{"loc":{"start":{"line":108,"column":11},"end":{"line":108,"column":27}},"type":"binary-expr","locations":[{"start":{"line":108,"column":11},"end":{"line":108,"column":20}},{"start":{"line":108,"column":24},"end":{"line":108,"column":27}}]},"5":{"loc":{"start":{"line":131,"column":2},"end":{"line":134,"column":3}},"type":"if","locations":[{"start":{"line":131,"column":2},"end":{"line":134,"column":3}}]},"6":{"loc":{"start":{"line":174,"column":2},"end":{"line":176,"column":3}},"type":"if","locations":[{"start":{"line":174,"column":2},"end":{"line":176,"column":3}}]},"7":{"loc":{"start":{"line":193,"column":4},"end":{"line":194,"column":57}},"type":"binary-expr","locations":[{"start":{"line":193,"column":4},"end":{"line":193,"column":28}},{"start":{"line":194,"column":4},"end":{"line":194,"column":57}}]},"8":{"loc":{"start":{"line":236,"column":4},"end":{"line":238,"column":5}},"type":"if","locations":[{"start":{"line":236,"column":4},"end":{"line":238,"column":5}}]},"9":{"loc":{"start":{"line":236,"column":8},"end":{"line":236,"column":37}},"type":"binary-expr","locations":[{"start":{"line":236,"column":8},"end":{"line":236,"column":14}},{"start":{"line":236,"column":18},"end":{"line":236,"column":37}}]},"10":{"loc":{"start":{"line":277,"column":4},"end":{"line":280,"column":5}},"type":"if","locations":[{"start":{"line":277,"column":4},"end":{"line":280,"column":5}}]},"11":{"loc":{"start":{"line":277,"column":8},"end":{"line":277,"column":55}},"type":"binary-expr","locations":[{"start":{"line":277,"column":8},"end":{"line":277,"column":23}},{"start":{"line":277,"column":27},"end":{"line":277,"column":55}}]},"12":{"loc":{"start":{"line":324,"column":2},"end":{"line":331,"column":3}},"type":"if","locations":[{"start":{"line":324,"column":2},"end":{"line":331,"column":3}}]}},"s":{"0":1,"1":1,"2":1,"3":1,"4":1,"5":1,"6":1,"7":1,"8":1,"9":10,"10":3,"11":7,"12":0,"13":0,"14":7,"15":7,"16":7,"17":0,"18":13,"19":0,"20":0,"21":13,"22":13,"23":13,"24":0,"25":0,"26":14,"27":0,"28":0,"29":14,"30":14,"31":0,"32":10,"33":10,"34":10,"35":2,"36":8,"37":8,"38":8,"39":1,"40":17,"41":17,"42":17,"43":17,"44":7,"45":10,"46":10,"47":9,"48":1,"49":1,"50":0,"51":0,"52":11,"53":11,"54":2,"55":2,"56":9,"57":9,"58":1,"59":9,"60":9,"61":9,"62":9,"63":4,"64":4,"65":4,"66":4,"67":5,"68":5,"69":5,"70":5,"71":5,"72":5,"73":5,"74":5,"75":5},"f":{"0":10,"1":13,"2":14,"3":10,"4":17,"5":11,"6":9,"7":5},"b":{"0":[3],"1":[10,8],"2":[0],"3":[0],"4":[13,4],"5":[0],"6":[2],"7":[8,1],"8":[7],"9":[17,11],"10":[2],"11":[11,10],"12":[4]}}
,"/Users/cns/httpdocs/cddo/ndx/src/try/ui/auth-nav.ts": {"path":"/Users/cns/httpdocs/cddo/ndx/src/try/ui/auth-nav.ts","statementMap":{"0":{"start":{"line":41,"column":0},"end":{"line":41,"column":16}},"1":{"start":{"line":17,"column":0},"end":{"line":17,"column":50}},"2":{"start":{"line":18,"column":0},"end":{"line":18,"column":52}},"3":{"start":{"line":42,"column":20},"end":{"line":42,"column":55}},"4":{"start":{"line":44,"column":2},"end":{"line":47,"column":3}},"5":{"start":{"line":45,"column":4},"end":{"line":45,"column":103}},"6":{"start":{"line":46,"column":4},"end":{"line":46,"column":11}},"7":{"start":{"line":52,"column":2},"end":{"line":54,"column":5}},"8":{"start":{"line":53,"column":4},"end":{"line":53,"column":46}},"9":{"start":{"line":69,"column":2},"end":{"line":102,"column":3}},"10":{"start":{"line":73,"column":4},"end":{"line":77,"column":6}},"11":{"start":{"line":80,"column":24},"end":{"line":80,"column":74}},"12":{"start":{"line":81,"column":4},"end":{"line":83,"column":5}},"13":{"start":{"line":82,"column":6},"end":{"line":82,"column":59}},"14":{"start":{"line":88,"column":4},"end":{"line":92,"column":6}},"15":{"start":{"line":95,"column":25},"end":{"line":95,"column":67}},"16":{"start":{"line":96,"column":4},"end":{"line":101,"column":5}},"17":{"start":{"line":97,"column":6},"end":{"line":100,"column":9}},"18":{"start":{"line":98,"column":8},"end":{"line":98,"column":25}},"19":{"start":{"line":119,"column":2},"end":{"line":119,"column":25}},"20":{"start":{"line":120,"column":2},"end":{"line":120,"column":21}},"21":{"start":{"line":121,"column":2},"end":{"line":121,"column":29}}},"fnMap":{"0":{"name":"initAuthNav","decl":{"start":{"line":41,"column":16},"end":{"line":41,"column":27}},"loc":{"start":{"line":41,"column":27},"end":{"line":55,"column":1}}},"1":{"name":"(anonymous_1)","decl":{"start":{"line":52,"column":22},"end":{"line":52,"column":23}},"loc":{"start":{"line":52,"column":42},"end":{"line":54,"column":3}}},"2":{"name":"renderAuthNav","decl":{"start":{"line":68,"column":9},"end":{"line":68,"column":22}},"loc":{"start":{"line":68,"column":71},"end":{"line":103,"column":1}}},"3":{"name":"(anonymous_3)","decl":{"start":{"line":97,"column":45},"end":{"line":97,"column":48}},"loc":{"start":{"line":97,"column":50},"end":{"line":100,"column":7}}},"4":{"name":"handleSignOut","decl":{"start":{"line":118,"column":9},"end":{"line":118,"column":22}},"loc":{"start":{"line":118,"column":35},"end":{"line":122,"column":1}}}},"branchMap":{"0":{"loc":{"start":{"line":44,"column":2},"end":{"line":47,"column":3}},"type":"if","locations":[{"start":{"line":44,"column":2},"end":{"line":47,"column":3}}]},"1":{"loc":{"start":{"line":69,"column":2},"end":{"line":102,"column":3}},"type":"if","locations":[{"start":{"line":69,"column":2},"end":{"line":102,"column":3}},{"start":{"line":84,"column":9},"end":{"line":102,"column":3}}]},"2":{"loc":{"start":{"line":81,"column":4},"end":{"line":83,"column":5}},"type":"if","locations":[{"start":{"line":81,"column":4},"end":{"line":83,"column":5}}]},"3":{"loc":{"start":{"line":96,"column":4},"end":{"line":101,"column":5}},"type":"if","locations":[{"start":{"line":96,"column":4},"end":{"line":101,"column":5}}]}},"s":{"0":0,"1":0,"2":0,"3":0,"4":0,"5":0,"6":0,"7":0,"8":0,"9":0,"10":0,"11":0,"12":0,"13":0,"14":0,"15":0,"16":0,"17":0,"18":0,"19":0,"20":0,"21":0},"f":{"0":0,"1":0,"2":0,"3":0,"4":0},"b":{"0":[0],"1":[0,0],"2":[0],"3":[0]}}
,"/Users/cns/httpdocs/cddo/ndx/src/try/ui/try-button.ts": {"path":"/Users/cns/httpdocs/cddo/ndx/src/try/ui/try-button.ts","statementMap":{"0":{"start":{"line":36,"column":0},"end":{"line":36,"column":16}},"1":{"start":{"line":151,"column":0},"end":{"line":151,"column":16}},"2":{"start":{"line":16,"column":0},"end":{"line":16,"column":50}},"3":{"start":{"line":17,"column":0},"end":{"line":17,"column":79}},"4":{"start":{"line":18,"column":0},"end":{"line":18,"column":52}},"5":{"start":{"line":24,"column":23},"end":{"line":24,"column":39}},"6":{"start":{"line":38,"column":21},"end":{"line":39,"column":null}},"7":{"start":{"line":42,"column":2},"end":{"line":42,"column":71}},"8":{"start":{"line":44,"column":2},"end":{"line":46,"column":5}},"9":{"start":{"line":45,"column":4},"end":{"line":45,"column":59}},"10":{"start":{"line":55,"column":2},"end":{"line":55,"column":25}},"11":{"start":{"line":57,"column":17},"end":{"line":57,"column":57}},"12":{"start":{"line":58,"column":16},"end":{"line":58,"column":36}},"13":{"start":{"line":60,"column":2},"end":{"line":63,"column":3}},"14":{"start":{"line":61,"column":4},"end":{"line":61,"column":70}},"15":{"start":{"line":62,"column":4},"end":{"line":62,"column":11}},"16":{"start":{"line":66,"column":2},"end":{"line":73,"column":3}},"17":{"start":{"line":68,"column":4},"end":{"line":68,"column":21}},"18":{"start":{"line":71,"column":4},"end":{"line":71,"column":45}},"19":{"start":{"line":72,"column":4},"end":{"line":72,"column":11}},"20":{"start":{"line":76,"column":2},"end":{"line":76,"column":86}},"21":{"start":{"line":77,"column":2},"end":{"line":77,"column":41}},"22":{"start":{"line":89,"column":2},"end":{"line":89,"column":72}},"23":{"start":{"line":91,"column":17},"end":{"line":91,"column":41}},"24":{"start":{"line":93,"column":2},"end":{"line":99,"column":3}},"25":{"start":{"line":95,"column":4},"end":{"line":95,"column":73}},"26":{"start":{"line":96,"column":4},"end":{"line":96,"column":24}},"27":{"start":{"line":97,"column":4},"end":{"line":97,"column":34}},"28":{"start":{"line":98,"column":4},"end":{"line":98,"column":11}},"29":{"start":{"line":102,"column":2},"end":{"line":126,"column":3}},"30":{"start":{"line":105,"column":6},"end":{"line":105,"column":54}},"31":{"start":{"line":106,"column":6},"end":{"line":106,"column":26}},"32":{"start":{"line":107,"column":6},"end":{"line":107,"column":26}},"33":{"start":{"line":108,"column":6},"end":{"line":108,"column":36}},"34":{"start":{"line":109,"column":6},"end":{"line":109,"column":12}},"35":{"start":{"line":113,"column":6},"end":{"line":113,"column":69}},"36":{"start":{"line":114,"column":6},"end":{"line":114,"column":26}},"37":{"start":{"line":115,"column":6},"end":{"line":115,"column":47}},"38":{"start":{"line":116,"column":6},"end":{"line":116,"column":12}},"39":{"start":{"line":123,"column":6},"end":{"line":123,"column":71}},"40":{"start":{"line":124,"column":6},"end":{"line":124,"column":81}},"41":{"start":{"line":125,"column":6},"end":{"line":125,"column":12}},"42":{"start":{"line":136,"column":2},"end":{"line":139,"column":3}},"43":{"start":{"line":137,"column":4},"end":{"line":137,"column":61}},"44":{"start":{"line":138,"column":4},"end":{"line":138,"column":11}},"45":{"start":{"line":141,"column":2},"end":{"line":141,"column":63}},"46":{"start":{"line":152,"column":2},"end":{"line":154,"column":3}},"47":{"start":{"line":153,"column":4},"end":{"line":153,"column":16}},"48":{"start":{"line":156,"column":14},"end":{"line":156,"column":52}},"49":{"start":{"line":157,"column":2},"end":{"line":157,"column":44}},"50":{"start":{"line":158,"column":2},"end":{"line":158,"column":13}}},"fnMap":{"0":{"name":"initTryButton","decl":{"start":{"line":36,"column":16},"end":{"line":36,"column":29}},"loc":{"start":{"line":36,"column":29},"end":{"line":47,"column":1}}},"1":{"name":"(anonymous_1)","decl":{"start":{"line":44,"column":21},"end":{"line":44,"column":22}},"loc":{"start":{"line":44,"column":32},"end":{"line":46,"column":3}}},"2":{"name":"handleTryButtonClick","decl":{"start":{"line":54,"column":9},"end":{"line":54,"column":29}},"loc":{"start":{"line":54,"column":42},"end":{"line":78,"column":1}}},"3":{"name":"handleLeaseAccept","decl":{"start":{"line":88,"column":15},"end":{"line":88,"column":32}},"loc":{"start":{"line":88,"column":46},"end":{"line":127,"column":1}}},"4":{"name":"storeReturnUrl","decl":{"start":{"line":135,"column":9},"end":{"line":135,"column":23}},"loc":{"start":{"line":135,"column":23},"end":{"line":142,"column":1}}},"5":{"name":"getAndClearReturnUrl","decl":{"start":{"line":151,"column":16},"end":{"line":151,"column":36}},"loc":{"start":{"line":151,"column":36},"end":{"line":159,"column":1}}}},"branchMap":{"0":{"loc":{"start":{"line":60,"column":2},"end":{"line":63,"column":3}},"type":"if","locations":[{"start":{"line":60,"column":2},"end":{"line":63,"column":3}}]},"1":{"loc":{"start":{"line":66,"column":2},"end":{"line":73,"column":3}},"type":"if","locations":[{"start":{"line":66,"column":2},"end":{"line":73,"column":3}}]},"2":{"loc":{"start":{"line":93,"column":2},"end":{"line":99,"column":3}},"type":"if","locations":[{"start":{"line":93,"column":2},"end":{"line":99,"column":3}}]},"3":{"loc":{"start":{"line":102,"column":2},"end":{"line":126,"column":3}},"type":"switch","locations":[{"start":{"line":103,"column":4},"end":{"line":109,"column":12}},{"start":{"line":111,"column":4},"end":{"line":116,"column":12}},{"start":{"line":118,"column":4},"end":{"line":118,"column":19}},{"start":{"line":119,"column":4},"end":{"line":119,"column":25}},{"start":{"line":120,"column":4},"end":{"line":120,"column":24}},{"start":{"line":121,"column":4},"end":{"line":125,"column":12}}]},"4":{"loc":{"start":{"line":124,"column":25},"end":{"line":124,"column":79}},"type":"binary-expr","locations":[{"start":{"line":124,"column":25},"end":{"line":124,"column":37}},{"start":{"line":124,"column":41},"end":{"line":124,"column":79}}]},"5":{"loc":{"start":{"line":136,"column":2},"end":{"line":139,"column":3}},"type":"if","locations":[{"start":{"line":136,"column":2},"end":{"line":139,"column":3}}]},"6":{"loc":{"start":{"line":152,"column":2},"end":{"line":154,"column":3}},"type":"if","locations":[{"start":{"line":152,"column":2},"end":{"line":154,"column":3}}]}},"s":{"0":1,"1":1,"2":1,"3":1,"4":1,"5":1,"6":23,"7":23,"8":23,"9":23,"10":20,"11":20,"12":20,"13":20,"14":1,"15":1,"16":19,"17":4,"18":4,"19":4,"20":15,"21":15,"22":12,"23":12,"24":12,"25":3,"26":3,"27":3,"28":3,"29":9,"30":3,"31":3,"32":3,"33":3,"34":3,"35":2,"36":2,"37":2,"38":2,"39":4,"40":4,"41":4,"42":4,"43":1,"44":1,"45":3,"46":3,"47":1,"48":2,"49":2,"50":2},"f":{"0":23,"1":23,"2":20,"3":12,"4":4,"5":3},"b":{"0":[1],"1":[4],"2":[3],"3":[3,2,1,2,3,4],"4":[4,1],"5":[1],"6":[1]}}
,"/Users/cns/httpdocs/cddo/ndx/src/try/ui/try-page.ts": {"path":"/Users/cns/httpdocs/cddo/ndx/src/try/ui/try-page.ts","statementMap":{"0":{"start":{"line":66,"column":0},"end":{"line":66,"column":16}},"1":{"start":{"line":143,"column":0},"end":{"line":143,"column":16}},"2":{"start":{"line":166,"column":0},"end":{"line":166,"column":16}},"3":{"start":{"line":19,"column":0},"end":{"line":19,"column":50}},"4":{"start":{"line":20,"column":0},"end":{"line":20,"column":65}},"5":{"start":{"line":21,"column":0},"end":{"line":21,"column":null}},"6":{"start":{"line":30,"column":21},"end":{"line":30,"column":45}},"7":{"start":{"line":41,"column":33},"end":{"line":45,"column":2}},"8":{"start":{"line":47,"column":36},"end":{"line":47,"column":40}},"9":{"start":{"line":67,"column":2},"end":{"line":67,"column":52}},"10":{"start":{"line":68,"column":2},"end":{"line":71,"column":3}},"11":{"start":{"line":70,"column":4},"end":{"line":70,"column":11}},"12":{"start":{"line":75,"column":2},"end":{"line":81,"column":5}},"13":{"start":{"line":76,"column":4},"end":{"line":80,"column":5}},"14":{"start":{"line":77,"column":6},"end":{"line":77,"column":30}},"15":{"start":{"line":79,"column":6},"end":{"line":79,"column":35}},"16":{"start":{"line":84,"column":2},"end":{"line":89,"column":5}},"17":{"start":{"line":85,"column":19},"end":{"line":85,"column":46}},"18":{"start":{"line":86,"column":4},"end":{"line":88,"column":5}},"19":{"start":{"line":87,"column":6},"end":{"line":87,"column":30}},"20":{"start":{"line":96,"column":2},"end":{"line":96,"column":25}},"21":{"start":{"line":96,"column":18},"end":{"line":96,"column":25}},"22":{"start":{"line":99,"column":2},"end":{"line":99,"column":60}},"23":{"start":{"line":100,"column":2},"end":{"line":103,"column":4}},"24":{"start":{"line":106,"column":17},"end":{"line":106,"column":40}},"25":{"start":{"line":108,"column":2},"end":{"line":130,"column":3}},"26":{"start":{"line":109,"column":4},"end":{"line":109,"column":74}},"27":{"start":{"line":110,"column":4},"end":{"line":110,"column":55}},"28":{"start":{"line":112,"column":4},"end":{"line":112,"column":90}},"29":{"start":{"line":114,"column":4},"end":{"line":129,"column":6}},"30":{"start":{"line":144,"column":2},"end":{"line":155,"column":4}},"31":{"start":{"line":167,"column":20},"end":{"line":167,"column":37}},"32":{"start":{"line":168,"column":22},"end":{"line":168,"column":70}},"33":{"start":{"line":168,"column":41},"end":{"line":168,"column":62}},"34":{"start":{"line":169,"column":23},"end":{"line":169,"column":72}},"35":{"start":{"line":169,"column":42},"end":{"line":169,"column":64}},"36":{"start":{"line":172,"column":20},"end":{"line":172,"column":22}},"37":{"start":{"line":173,"column":2},"end":{"line":178,"column":3}},"38":{"start":{"line":174,"column":18},"end":{"line":174,"column":20}},"39":{"start":{"line":175,"column":4},"end":{"line":175,"column":61}},"40":{"start":{"line":175,"column":25},"end":{"line":175,"column":61}},"41":{"start":{"line":176,"column":4},"end":{"line":176,"column":64}},"42":{"start":{"line":176,"column":26},"end":{"line":176,"column":64}},"43":{"start":{"line":177,"column":4},"end":{"line":177,"column":129}},"44":{"start":{"line":180,"column":2},"end":{"line":198,"column":4}},"45":{"start":{"line":207,"column":2},"end":{"line":221,"column":4}}},"fnMap":{"0":{"name":"initTryPage","decl":{"start":{"line":66,"column":16},"end":{"line":66,"column":27}},"loc":{"start":{"line":66,"column":27},"end":{"line":90,"column":1}}},"1":{"name":"(anonymous_1)","decl":{"start":{"line":75,"column":22},"end":{"line":75,"column":23}},"loc":{"start":{"line":75,"column":42},"end":{"line":81,"column":3}}},"2":{"name":"(anonymous_2)","decl":{"start":{"line":84,"column":38},"end":{"line":84,"column":39}},"loc":{"start":{"line":84,"column":48},"end":{"line":89,"column":3}}},"3":{"name":"loadAndRenderSessions","decl":{"start":{"line":95,"column":15},"end":{"line":95,"column":36}},"loc":{"start":{"line":95,"column":36},"end":{"line":131,"column":1}}},"4":{"name":"renderEmptyState","decl":{"start":{"line":143,"column":16},"end":{"line":143,"column":32}},"loc":{"start":{"line":143,"column":55},"end":{"line":156,"column":1}}},"5":{"name":"renderAuthenticatedState","decl":{"start":{"line":166,"column":16},"end":{"line":166,"column":40}},"loc":{"start":{"line":166,"column":80},"end":{"line":199,"column":1}}},"6":{"name":"(anonymous_6)","decl":{"start":{"line":168,"column":36},"end":{"line":168,"column":37}},"loc":{"start":{"line":168,"column":41},"end":{"line":168,"column":62}}},"7":{"name":"(anonymous_7)","decl":{"start":{"line":169,"column":37},"end":{"line":169,"column":38}},"loc":{"start":{"line":169,"column":42},"end":{"line":169,"column":64}}},"8":{"name":"renderFirstTimeGuidance","decl":{"start":{"line":206,"column":9},"end":{"line":206,"column":32}},"loc":{"start":{"line":206,"column":32},"end":{"line":222,"column":1}}}},"branchMap":{"0":{"loc":{"start":{"line":68,"column":2},"end":{"line":71,"column":3}},"type":"if","locations":[{"start":{"line":68,"column":2},"end":{"line":71,"column":3}}]},"1":{"loc":{"start":{"line":76,"column":4},"end":{"line":80,"column":5}},"type":"if","locations":[{"start":{"line":76,"column":4},"end":{"line":80,"column":5}},{"start":{"line":78,"column":11},"end":{"line":80,"column":5}}]},"2":{"loc":{"start":{"line":86,"column":4},"end":{"line":88,"column":5}},"type":"if","locations":[{"start":{"line":86,"column":4},"end":{"line":88,"column":5}}]},"3":{"loc":{"start":{"line":96,"column":2},"end":{"line":96,"column":25}},"type":"if","locations":[{"start":{"line":96,"column":2},"end":{"line":96,"column":25}}]},"4":{"loc":{"start":{"line":108,"column":2},"end":{"line":130,"column":3}},"type":"if","locations":[{"start":{"line":108,"column":2},"end":{"line":130,"column":3}},{"start":{"line":111,"column":9},"end":{"line":130,"column":3}}]},"5":{"loc":{"start":{"line":108,"column":6},"end":{"line":108,"column":37}},"type":"binary-expr","locations":[{"start":{"line":108,"column":6},"end":{"line":108,"column":20}},{"start":{"line":108,"column":24},"end":{"line":108,"column":37}}]},"6":{"loc":{"start":{"line":112,"column":44},"end":{"line":112,"column":75}},"type":"binary-expr","locations":[{"start":{"line":112,"column":44},"end":{"line":112,"column":56}},{"start":{"line":112,"column":60},"end":{"line":112,"column":75}}]},"7":{"loc":{"start":{"line":173,"column":2},"end":{"line":178,"column":3}},"type":"if","locations":[{"start":{"line":173,"column":2},"end":{"line":178,"column":3}}]},"8":{"loc":{"start":{"line":175,"column":4},"end":{"line":175,"column":61}},"type":"if","locations":[{"start":{"line":175,"column":4},"end":{"line":175,"column":61}}]},"9":{"loc":{"start":{"line":176,"column":4},"end":{"line":176,"column":64}},"type":"if","locations":[{"start":{"line":176,"column":4},"end":{"line":176,"column":64}}]},"10":{"loc":{"start":{"line":177,"column":18},"end":{"line":177,"column":128}},"type":"cond-expr","locations":[{"start":{"line":177,"column":37},"end":{"line":177,"column":123}},{"start":{"line":177,"column":126},"end":{"line":177,"column":128}}]},"11":{"loc":{"start":{"line":177,"column":79},"end":{"line":177,"column":120}},"type":"cond-expr","locations":[{"start":{"line":177,"column":112},"end":{"line":177,"column":115}},{"start":{"line":177,"column":118},"end":{"line":177,"column":120}}]},"12":{"loc":{"start":{"line":183,"column":6},"end":{"line":183,"column":69}},"type":"cond-expr","locations":[{"start":{"line":183,"column":20},"end":{"line":183,"column":64}},{"start":{"line":183,"column":67},"end":{"line":183,"column":69}}]},"13":{"loc":{"start":{"line":197,"column":6},"end":{"line":197,"column":49}},"type":"cond-expr","locations":[{"start":{"line":197,"column":19},"end":{"line":197,"column":44}},{"start":{"line":197,"column":47},"end":{"line":197,"column":49}}]}},"s":{"0":1,"1":1,"2":1,"3":1,"4":1,"5":1,"6":1,"7":1,"8":1,"9":6,"10":6,"11":1,"12":5,"13":6,"14":3,"15":3,"16":5,"17":0,"18":0,"19":0,"20":3,"21":0,"22":3,"23":3,"24":3,"25":3,"26":3,"27":3,"28":0,"29":0,"30":14,"31":9,"32":9,"33":3,"34":9,"35":3,"36":9,"37":9,"38":2,"39":2,"40":2,"41":2,"42":1,"43":2,"44":9,"45":7},"f":{"0":6,"1":6,"2":0,"3":3,"4":14,"5":9,"6":3,"7":3,"8":7},"b":{"0":[1],"1":[3,3],"2":[0],"3":[0],"4":[3,0],"5":[3,3],"6":[0,0],"7":[2],"8":[2],"9":[1],"10":[2,0],"11":[1,1],"12":[2,7],"13":[7,2]}}
,"/Users/cns/httpdocs/cddo/ndx/src/try/ui/components/aup-modal.ts": {"path":"/Users/cns/httpdocs/cddo/ndx/src/try/ui/components/aup-modal.ts","statementMap":{"0":{"start":{"line":422,"column":0},"end":{"line":422,"column":16}},"1":{"start":{"line":431,"column":0},"end":{"line":431,"column":16}},"2":{"start":{"line":19,"column":0},"end":{"line":19,"column":70}},"3":{"start":{"line":20,"column":0},"end":{"line":20,"column":46}},"4":{"start":{"line":21,"column":0},"end":{"line":21,"column":87}},"5":{"start":{"line":42,"column":12},"end":{"line":51,"column":11}},"6":{"start":{"line":57,"column":30},"end":{"line":57,"column":46}},"7":{"start":{"line":62,"column":27},"end":{"line":62,"column":53}},"8":{"start":{"line":68,"column":10},"end":{"line":68,"column":45}},"9":{"start":{"line":69,"column":10},"end":{"line":69,"column":45}},"10":{"start":{"line":70,"column":10},"end":{"line":76,"column":4}},"11":{"start":{"line":77,"column":10},"end":{"line":77,"column":52}},"12":{"start":{"line":86,"column":4},"end":{"line":89,"column":5}},"13":{"start":{"line":87,"column":6},"end":{"line":87,"column":52}},"14":{"start":{"line":88,"column":6},"end":{"line":88,"column":13}},"15":{"start":{"line":91,"column":4},"end":{"line":91,"column":29}},"16":{"start":{"line":92,"column":4},"end":{"line":92,"column":29}},"17":{"start":{"line":93,"column":4},"end":{"line":93,"column":35}},"18":{"start":{"line":94,"column":4},"end":{"line":94,"column":28}},"19":{"start":{"line":95,"column":4},"end":{"line":95,"column":29}},"20":{"start":{"line":97,"column":4},"end":{"line":97,"column":18}},"21":{"start":{"line":98,"column":4},"end":{"line":98,"column":26}},"22":{"start":{"line":101,"column":4},"end":{"line":101,"column":55}},"23":{"start":{"line":103,"column":4},"end":{"line":103,"column":57}},"24":{"start":{"line":106,"column":4},"end":{"line":106,"column":26}},"25":{"start":{"line":114,"column":23},"end":{"line":114,"column":63}},"26":{"start":{"line":115,"column":4},"end":{"line":115,"column":28}},"27":{"start":{"line":115,"column":21},"end":{"line":115,"column":28}},"28":{"start":{"line":118,"column":4},"end":{"line":118,"column":64}},"29":{"start":{"line":119,"column":4},"end":{"line":119,"column":46}},"30":{"start":{"line":121,"column":4},"end":{"line":140,"column":5}},"31":{"start":{"line":122,"column":21},"end":{"line":122,"column":48}},"32":{"start":{"line":124,"column":6},"end":{"line":135,"column":7}},"33":{"start":{"line":125,"column":8},"end":{"line":125,"column":49}},"34":{"start":{"line":126,"column":8},"end":{"line":126,"column":49}},"35":{"start":{"line":129,"column":8},"end":{"line":129,"column":70}},"36":{"start":{"line":130,"column":8},"end":{"line":130,"column":50}},"37":{"start":{"line":132,"column":8},"end":{"line":134,"column":9}},"38":{"start":{"line":133,"column":10},"end":{"line":133,"column":66}},"39":{"start":{"line":137,"column":6},"end":{"line":137,"column":60}},"40":{"start":{"line":138,"column":6},"end":{"line":138,"column":48}},"41":{"start":{"line":139,"column":6},"end":{"line":139,"column":69}},"42":{"start":{"line":149,"column":4},"end":{"line":149,"column":35}},"43":{"start":{"line":149,"column":28},"end":{"line":149,"column":35}},"44":{"start":{"line":152,"column":4},"end":{"line":155,"column":5}},"45":{"start":{"line":153,"column":26},"end":{"line":153,"column":106}},"46":{"start":{"line":154,"column":6},"end":{"line":154,"column":31}},"47":{"start":{"line":154,"column":24},"end":{"line":154,"column":31}},"48":{"start":{"line":157,"column":4},"end":{"line":157,"column":30}},"49":{"start":{"line":158,"column":4},"end":{"line":158,"column":28}},"50":{"start":{"line":159,"column":4},"end":{"line":159,"column":35}},"51":{"start":{"line":160,"column":4},"end":{"line":160,"column":28}},"52":{"start":{"line":161,"column":4},"end":{"line":161,"column":25}},"53":{"start":{"line":164,"column":4},"end":{"line":164,"column":33}},"54":{"start":{"line":165,"column":4},"end":{"line":165,"column":26}},"55":{"start":{"line":168,"column":4},"end":{"line":168,"column":27}},"56":{"start":{"line":169,"column":4},"end":{"line":169,"column":24}},"57":{"start":{"line":172,"column":4},"end":{"line":172,"column":58}},"58":{"start":{"line":174,"column":4},"end":{"line":174,"column":30}},"59":{"start":{"line":183,"column":23},"end":{"line":183,"column":63}},"60":{"start":{"line":184,"column":4},"end":{"line":186,"column":5}},"61":{"start":{"line":185,"column":6},"end":{"line":185,"column":39}},"62":{"start":{"line":195,"column":4},"end":{"line":195,"column":32}},"63":{"start":{"line":196,"column":17},"end":{"line":196,"column":64}},"64":{"start":{"line":197,"column":4},"end":{"line":204,"column":5}},"65":{"start":{"line":198,"column":6},"end":{"line":203,"column":8}},"66":{"start":{"line":205,"column":4},"end":{"line":205,"column":25}},"67":{"start":{"line":206,"column":4},"end":{"line":206,"column":22}},"68":{"start":{"line":215,"column":4},"end":{"line":215,"column":31}},"69":{"start":{"line":216,"column":4},"end":{"line":216,"column":33}},"70":{"start":{"line":217,"column":20},"end":{"line":217,"column":54}},"71":{"start":{"line":218,"column":4},"end":{"line":221,"column":5}},"72":{"start":{"line":219,"column":6},"end":{"line":219,"column":36}},"73":{"start":{"line":220,"column":6},"end":{"line":220,"column":51}},"74":{"start":{"line":222,"column":4},"end":{"line":222,"column":25}},"75":{"start":{"line":223,"column":4},"end":{"line":223,"column":35}},"76":{"start":{"line":230,"column":4},"end":{"line":230,"column":28}},"77":{"start":{"line":231,"column":20},"end":{"line":231,"column":54}},"78":{"start":{"line":232,"column":4},"end":{"line":234,"column":5}},"79":{"start":{"line":233,"column":6},"end":{"line":233,"column":48}},"80":{"start":{"line":241,"column":4},"end":{"line":241,"column":29}},"81":{"start":{"line":249,"column":4},"end":{"line":249,"column":49}},"82":{"start":{"line":250,"column":4},"end":{"line":250,"column":49}},"83":{"start":{"line":251,"column":4},"end":{"line":251,"column":54}},"84":{"start":{"line":253,"column":4},"end":{"line":315,"column":6}},"85":{"start":{"line":317,"column":4},"end":{"line":317,"column":44}},"86":{"start":{"line":318,"column":4},"end":{"line":318,"column":32}},"87":{"start":{"line":325,"column":21},"end":{"line":325,"column":78}},"88":{"start":{"line":326,"column":24},"end":{"line":326,"column":65}},"89":{"start":{"line":327,"column":22},"end":{"line":327,"column":61}},"90":{"start":{"line":330,"column":4},"end":{"line":339,"column":7}},"91":{"start":{"line":331,"column":6},"end":{"line":331,"column":48}},"92":{"start":{"line":332,"column":6},"end":{"line":332,"column":27}},"93":{"start":{"line":334,"column":6},"end":{"line":338,"column":7}},"94":{"start":{"line":335,"column":8},"end":{"line":335,"column":84}},"95":{"start":{"line":337,"column":8},"end":{"line":337,"column":85}},"96":{"start":{"line":342,"column":4},"end":{"line":357,"column":7}},"97":{"start":{"line":343,"column":6},"end":{"line":343,"column":87}},"98":{"start":{"line":343,"column":80},"end":{"line":343,"column":87}},"99":{"start":{"line":345,"column":6},"end":{"line":345,"column":34}},"100":{"start":{"line":346,"column":6},"end":{"line":346,"column":27}},"101":{"start":{"line":347,"column":6},"end":{"line":347,"column":45}},"102":{"start":{"line":349,"column":6},"end":{"line":356,"column":7}},"103":{"start":{"line":350,"column":8},"end":{"line":350,"column":48}},"104":{"start":{"line":353,"column":8},"end":{"line":353,"column":37}},"105":{"start":{"line":354,"column":8},"end":{"line":354,"column":29}},"106":{"start":{"line":360,"colu
[...]
,"/Users/cns/httpdocs/cddo/ndx/src/try/ui/utils/focus-trap.ts": {"path":"/Users/cns/httpdocs/cddo/ndx/src/try/ui/utils/focus-trap.ts","statementMap":{"0":{"start":{"line":53,"column":0},"end":{"line":53,"column":16}},"1":{"start":{"line":15,"column":28},"end":{"line":22,"column":12}},"2":{"start":{"line":64,"column":15},"end":{"line":64,"column":20}},"3":{"start":{"line":65,"column":46},"end":{"line":65,"column":50}},"4":{"start":{"line":71,"column":21},"end":{"line":71,"column":81}},"5":{"start":{"line":72,"column":4},"end":{"line":74,"column":6}},"6":{"start":{"line":73,"column":14},"end":{"line":73,"column":103}},"7":{"start":{"line":81,"column":4},"end":{"line":81,"column":24}},"8":{"start":{"line":81,"column":17},"end":{"line":81,"column":24}},"9":{"start":{"line":83,"column":4},"end":{"line":87,"column":5}},"10":{"start":{"line":84,"column":6},"end":{"line":84,"column":29}},"11":{"start":{"line":85,"column":6},"end":{"line":85,"column":27}},"12":{"start":{"line":86,"column":6},"end":{"line":86,"column":13}},"13":{"start":{"line":89,"column":4},"end":{"line":89,"column":36}},"14":{"start":{"line":89,"column":29},"end":{"line":89,"column":36}},"15":{"start":{"line":91,"column":22},"end":{"line":91,"column":44}},"16":{"start":{"line":92,"column":4},"end":{"line":92,"column":39}},"17":{"start":{"line":92,"column":32},"end":{"line":92,"column":39}},"18":{"start":{"line":94,"column":25},"end":{"line":94,"column":37}},"19":{"start":{"line":95,"column":24},"end":{"line":95,"column":55}},"20":{"start":{"line":96,"column":26},"end":{"line":96,"column":63}},"21":{"start":{"line":99,"column":4},"end":{"line":103,"column":5}},"22":{"start":{"line":100,"column":6},"end":{"line":100,"column":29}},"23":{"start":{"line":101,"column":6},"end":{"line":101,"column":26}},"24":{"start":{"line":102,"column":6},"end":{"line":102,"column":13}},"25":{"start":{"line":106,"column":4},"end":{"line":110,"column":5}},"26":{"start":{"line":107,"column":6},"end":{"line":107,"column":29}},"27":{"start":{"line":108,"column":6},"end":{"line":108,"column":27}},"28":{"start":{"line":109,"column":6},"end":{"line":109,"column":13}},"29":{"start":{"line":113,"column":2},"end":{"line":155,"column":4}},"30":{"start":{"line":115,"column":6},"end":{"line":115,"column":25}},"31":{"start":{"line":115,"column":18},"end":{"line":115,"column":25}},"32":{"start":{"line":116,"column":6},"end":{"line":116,"column":20}},"33":{"start":{"line":119,"column":6},"end":{"line":119,"column":89}},"34":{"start":{"line":122,"column":6},"end":{"line":122,"column":58}},"35":{"start":{"line":125,"column":24},"end":{"line":125,"column":46}},"36":{"start":{"line":126,"column":29},"end":{"line":126,"column":65}},"37":{"start":{"line":129,"column":6},"end":{"line":135,"column":9}},"38":{"start":{"line":130,"column":8},"end":{"line":134,"column":9}},"39":{"start":{"line":131,"column":10},"end":{"line":131,"column":33}},"40":{"start":{"line":132,"column":15},"end":{"line":134,"column":9}},"41":{"start":{"line":133,"column":10},"end":{"line":133,"column":31}},"42":{"start":{"line":139,"column":6},"end":{"line":139,"column":26}},"43":{"start":{"line":139,"column":19},"end":{"line":139,"column":26}},"44":{"start":{"line":140,"column":6},"end":{"line":140,"column":21}},"45":{"start":{"line":143,"column":6},"end":{"line":143,"column":61}},"46":{"start":{"line":146,"column":6},"end":{"line":149,"column":7}},"47":{"start":{"line":147,"column":8},"end":{"line":147,"column":34}},"48":{"start":{"line":148,"column":8},"end":{"line":148,"column":33}},"49":{"start":{"line":153,"column":6},"end":{"line":153,"column":20}}},"fnMap":{"0":{"name":"createFocusTrap","decl":{"start":{"line":53,"column":16},"end":{"line":53,"column":31}},"loc":{"start":{"line":62,"column":8},"end":{"line":156,"column":1}}},"1":{"name":"getFocusableElements","decl":{"start":{"line":70,"column":11},"end":{"line":70,"column":31}},"loc":{"start":{"line":70,"column":31},"end":{"line":75,"column":3}}},"2":{"name":"(anonymous_2)","decl":{"start":{"line":73,"column":6},"end":{"line":73,"column":7}},"loc":{"start":{"line":73,"column":14},"end":{"line":73,"column":103}}},"3":{"name":"handleKeydown","decl":{"start":{"line":80,"column":11},"end":{"line":80,"column":24}},"loc":{"start":{"line":80,"column":45},"end":{"line":111,"column":3}}},"4":{"name":"(anonymous_4)","decl":{"start":{"line":114,"column":4},"end":{"line":114,"column":12}},"loc":{"start":{"line":114,"column":12},"end":{"line":136,"column":5}}},"5":{"name":"(anonymous_5)","decl":{"start":{"line":129,"column":28},"end":{"line":129,"column":31}},"loc":{"start":{"line":129,"column":33},"end":{"line":135,"column":7}}},"6":{"name":"(anonymous_6)","decl":{"start":{"line":138,"column":4},"end":{"line":138,"column":14}},"loc":{"start":{"line":138,"column":14},"end":{"line":150,"column":5}}},"7":{"name":"(anonymous_7)","decl":{"start":{"line":152,"column":4},"end":{"line":152,"column":12}},"loc":{"start":{"line":152,"column":12},"end":{"line":154,"column":5}}}},"branchMap":{"0":{"loc":{"start":{"line":55,"column":2},"end":{"line":62,"column":8}},"type":"default-arg","locations":[{"start":{"line":62,"column":6},"end":{"line":62,"column":8}}]},"1":{"loc":{"start":{"line":73,"column":14},"end":{"line":73,"column":103}},"type":"binary-expr","locations":[{"start":{"line":73,"column":14},"end":{"line":73,"column":32}},{"start":{"line":73,"column":36},"end":{"line":73,"column":55}},{"start":{"line":73,"column":59},"end":{"line":73,"column":103}}]},"2":{"loc":{"start":{"line":81,"column":4},"end":{"line":81,"column":24}},"type":"if","locations":[{"start":{"line":81,"column":4},"end":{"line":81,"column":24}}]},"3":{"loc":{"start":{"line":83,"column":4},"end":{"line":87,"column":5}},"type":"if","locations":[{"start":{"line":83,"column":4},"end":{"line":87,"column":5}}]},"4":{"loc":{"start":{"line":89,"column":4},"end":{"line":89,"column":36}},"type":"if","locations":[{"start":{"line":89,"column":4},"end":{"line":89,"column":36}}]},"5":{"loc":{"start":{"line":92,"column":4},"end":{"line":92,"column":39}},"type":"if","locations":[{"start":{"line":92,"column":4},"end":{"line":92,"column":39}}]},"6":{"loc":{"start":{"line":99,"column":4},"end":{"line":103,"column":5}},"type":"if","locations":[{"start":{"line":99,"column":4},"end":{"line":103,"column":5}}]},"7":{"loc":{"start":{"line":99,"column":8},"end":{"line":99,"column":56}},"type":"binary-expr","locations":[{"start":{"line":99,"column":8},"end":{"line":99,"column":22}},{"start":{"line":99,"column":26},"end":{"line":99,"column":56}}]},"8":{"loc":{"start":{"line":106,"column":4},"end":{"line":110,"column":5}},"type":"if","locations":[{"start":{"line":106,"column":4},"end":{"line":110,"column":5}}]},"9":{"loc":{"start":{"line":106,"column":8},"end":{"line":106,"column":56}},"type":"binary-expr","locations":[{"start":{"line":106,"column":8},"end":{"line":106,"column":23}},{"start":{"line":106,"column":27},"end":{"line":106,"column":56}}]},"10":{"loc":{"start":{"line":115,"column":6},"end":{"line":115,"column":25}},"type":"if","locations":[{"start":{"line":115,"column":6},"end":{"line":115,"column":25}}]},"11":{"loc":{"start":{"line":119,"column":26},"end":{"line":119,"column":88}},"type":"binary-expr","locations":[{"start":{"line":119,"column":26},"end":{"line":119,"column":45}},{"start":{"line":119,"column":50},"end":{"line":119,"column":88}}]},"12":{"loc":{"start":{"line":126,"column":29},"end":{"line":126,"column":65}},"type":"binary-expr","locations":[{"start":{"line":126,"column":29},"end":{"line":126,"column":49}},{"start":{"line":126,"column":53},"end":{"line":126,"column":65}}]},"13":{"loc":{"start":{"line":130,"column":8},"end":{"line":134,"column":9}},"type":"if","locations":[{"start":{"line":130,"column":8},"end":{"line":134,"column":9}},{"start":{"line":132,"column":15},"end":{"line":134,"column":9}}]},"14":{"loc":{"start":{"line":132,"column":15},"end":{"line":134,"column":9}},"type":"if","locations":[{"start":{"line":132,"column":15},"end":{"line":134,"column":9}}]},"15":{"loc":{"start":{"line":139,"column":6},"end":{"line":139,"column":26}},"type":"if","locations":[{"start":{"line":139,"column":6},"end":{"line":139,"column":26}}]},"16":{"loc":{"start":{"line":146,"column":6},"end":{"line":149,"column":7}},"type":"if","locations":[{"start":{"line":146,"column":6},"end":{"line":149,"column":7}}]}},"s":{"0":1,"1":1,"2":20,"3":20,"4":63,"5":63,"6":245,"7":74,"8":0,"9":74,"10":26,"11":26,"12":26,"13":48,"14":0,"15":48,"16":48,"17":2,"18":46,"19":46,"20":46,"21":46,"22":1,"23":1,"24":1,"25":45,"26":3,"27":3,"28":3,"29":20,"30":16,"31":1,"32":15,"33":15,"34":15,"35":15,"36":15,"37":15,"38":13,"39":12,"40":1,"41":0,"42":4,"43":1,"44":3,"45":3,"46":3,"47":3,"48":3,"49":3},"f":{"0":20,"1":63,"2":245,"3":74,"4":16,"5":13,"6":4,"7":3},"b":{"0":[14],"1":[245,240,240],"2":[0],"3":[26],"4":[0],"5":[2],"6":[1],"7":[46,6],"8":[3],"9":[45,40],"10":[1],"11":[15,14],"12":[15,13],"13":[12,1],"14":[0],"15":[1],"16":[3]}}
,"/Users/cns/httpdocs/cddo/ndx/src/try/utils/currency-utils.ts": {"path":"/Users/cns/httpdocs/cddo/ndx/src/try/utils/currency-utils.ts","statementMap":{"0":{"start":{"line":20,"column":0},"end":{"line":20,"column":16}},"1":{"start":{"line":39,"column":0},"end":{"line":39,"column":16}},"2":{"start":{"line":53,"column":0},"end":{"line":53,"column":16}},"3":{"start":{"line":65,"column":0},"end":{"line":65,"column":16}},"4":{"start":{"line":21,"column":2},"end":{"line":26,"column":20}},"5":{"start":{"line":40,"column":2},"end":{"line":40,"column":63}},"6":{"start":{"line":54,"column":2},"end":{"line":54,"column":31}},"7":{"start":{"line":54,"column":22},"end":{"line":54,"column":31}},"8":{"start":{"line":55,"column":2},"end":{"line":55,"column":53}},"9":{"start":{"line":66,"column":21},"end":{"line":66,"column":70}},"10":{"start":{"line":67,"column":2},"end":{"line":67,"column":36}},"11":{"start":{"line":67,"column":23},"end":{"line":67,"column":36}},"12":{"start":{"line":68,"column":2},"end":{"line":68,"column":39}},"13":{"start":{"line":68,"column":23},"end":{"line":68,"column":39}},"14":{"start":{"line":69,"column":2},"end":{"line":69,"column":16}}},"fnMap":{"0":{"name":"formatUSD","decl":{"start":{"line":20,"column":16},"end":{"line":20,"column":25}},"loc":{"start":{"line":20,"column":40},"end":{"line":27,"column":1}}},"1":{"name":"formatBudget","decl":{"start":{"line":39,"column":16},"end":{"line":39,"column":28}},"loc":{"start":{"line":39,"column":67},"end":{"line":41,"column":1}}},"2":{"name":"calculateBudgetPercentage","decl":{"start":{"line":53,"column":16},"end":{"line":53,"column":41}},"loc":{"start":{"line":53,"column":80},"end":{"line":56,"column":1}}},"3":{"name":"getBudgetStatus","decl":{"start":{"line":65,"column":16},"end":{"line":65,"column":31}},"loc":{"start":{"line":65,"column":70},"end":{"line":70,"column":1}}}},"branchMap":{"0":{"loc":{"start":{"line":54,"column":2},"end":{"line":54,"column":31}},"type":"if","locations":[{"start":{"line":54,"column":2},"end":{"line":54,"column":31}}]},"1":{"loc":{"start":{"line":67,"column":2},"end":{"line":67,"column":36}},"type":"if","locations":[{"start":{"line":67,"column":2},"end":{"line":67,"column":36}}]},"2":{"loc":{"start":{"line":68,"column":2},"end":{"line":68,"column":39}},"type":"if","locations":[{"start":{"line":68,"column":2},"end":{"line":68,"column":39}}]}},"s":{"0":2,"1":2,"2":2,"3":2,"4":25,"5":7,"6":19,"7":3,"8":16,"9":8,"10":8,"11":3,"12":5,"13":2,"14":3},"f":{"0":25,"1":7,"2":19,"3":8},"b":{"0":[3],"1":[3],"2":[2]}}
,"/Users/cns/httpdocs/cddo/ndx/src/try/utils/date-utils.ts": {"path":"/Users/cns/httpdocs/cddo/ndx/src/try/utils/date-utils.ts","statementMap":{"0":{"start":{"line":20,"column":0},"end":{"line":20,"column":16}},"1":{"start":{"line":55,"column":0},"end":{"line":55,"column":16}},"2":{"start":{"line":77,"column":0},"end":{"line":77,"column":16}},"3":{"start":{"line":108,"column":0},"end":{"line":108,"column":16}},"4":{"start":{"line":123,"column":0},"end":{"line":123,"column":16}},"5":{"start":{"line":21,"column":21},"end":{"line":21,"column":69}},"6":{"start":{"line":22,"column":14},"end":{"line":22,"column":24}},"7":{"start":{"line":23,"column":17},"end":{"line":23,"column":53}},"8":{"start":{"line":24,"column":19},"end":{"line":24,"column":44}},"9":{"start":{"line":25,"column":19},"end":{"line":25,"column":44}},"10":{"start":{"line":26,"column":20},"end":{"line":26,"column":45}},"11":{"start":{"line":27,"column":19},"end":{"line":27,"column":45}},"12":{"start":{"line":29,"column":14},"end":{"line":29,"column":71}},"13":{"start":{"line":32,"column":2},"end":{"line":43,"column":3}},"14":{"start":{"line":33,"column":4},"end":{"line":33,"column":42}},"15":{"start":{"line":34,"column":9},"end":{"line":43,"column":3}},"16":{"start":{"line":35,"column":4},"end":{"line":35,"column":42}},"17":{"start":{"line":36,"column":9},"end":{"line":43,"column":3}},"18":{"start":{"line":37,"column":4},"end":{"line":37,"column":41}},"19":{"start":{"line":38,"column":9},"end":{"line":43,"column":3}},"20":{"start":{"line":39,"column":4},"end":{"line":39,"column":39}},"21":{"start":{"line":42,"column":4},"end":{"line":42,"column":42}},"22":{"start":{"line":56,"column":21},"end":{"line":56,"column":69}},"23":{"start":{"line":58,"column":2},"end":{"line":65,"column":5}},"24":{"start":{"line":78,"column":21},"end":{"line":78,"column":84}},"25":{"start":{"line":79,"column":14},"end":{"line":79,"column":24}},"26":{"start":{"line":80,"column":17},"end":{"line":80,"column":53}},"27":{"start":{"line":82,"column":2},"end":{"line":84,"column":3}},"28":{"start":{"line":83,"column":4},"end":{"line":83,"column":16}},"29":{"start":{"line":86,"column":16},"end":{"line":86,"column":53}},"30":{"start":{"line":87,"column":18},"end":{"line":87,"column":71}},"31":{"start":{"line":89,"column":2},"end":{"line":93,"column":3}},"32":{"start":{"line":90,"column":17},"end":{"line":90,"column":39}},"33":{"start":{"line":91,"column":27},"end":{"line":91,"column":37}},"34":{"start":{"line":92,"column":4},"end":{"line":92,"column":51}},"35":{"start":{"line":95,"column":2},"end":{"line":97,"column":3}},"36":{"start":{"line":96,"column":4},"end":{"line":96,"column":45}},"37":{"start":{"line":99,"column":2},"end":{"line":99,"column":33}},"38":{"start":{"line":109,"column":21},"end":{"line":109,"column":69}},"39":{"start":{"line":110,"column":2},"end":{"line":110,"column":43}},"40":{"start":{"line":124,"column":19},"end":{"line":124,"column":48}},"41":{"start":{"line":125,"column":19},"end":{"line":125,"column":48}},"42":{"start":{"line":126,"column":2},"end":{"line":126,"column":37}}},"fnMap":{"0":{"name":"formatRelativeTime","decl":{"start":{"line":20,"column":16},"end":{"line":20,"column":34}},"loc":{"start":{"line":20,"column":54},"end":{"line":44,"column":1}}},"1":{"name":"formatAbsoluteDate","decl":{"start":{"line":55,"column":16},"end":{"line":55,"column":34}},"loc":{"start":{"line":55,"column":54},"end":{"line":66,"column":1}}},"2":{"name":"formatRemainingDuration","decl":{"start":{"line":77,"column":16},"end":{"line":77,"column":39}},"loc":{"start":{"line":77,"column":64},"end":{"line":100,"column":1}}},"3":{"name":"isExpired","decl":{"start":{"line":108,"column":16},"end":{"line":108,"column":25}},"loc":{"start":{"line":108,"column":45},"end":{"line":111,"column":1}}},"4":{"name":"formatExpiry","decl":{"start":{"line":123,"column":16},"end":{"line":123,"column":28}},"loc":{"start":{"line":123,"column":53},"end":{"line":127,"column":1}}}},"branchMap":{"0":{"loc":{"start":{"line":21,"column":21},"end":{"line":21,"column":69}},"type":"cond-expr","locations":[{"start":{"line":21,"column":48},"end":{"line":21,"column":62}},{"start":{"line":21,"column":65},"end":{"line":21,"column":69}}]},"1":{"loc":{"start":{"line":32,"column":2},"end":{"line":43,"column":3}},"type":"if","locations":[{"start":{"line":32,"column":2},"end":{"line":43,"column":3}},{"start":{"line":34,"column":9},"end":{"line":43,"column":3}}]},"2":{"loc":{"start":{"line":34,"column":9},"end":{"line":43,"column":3}},"type":"if","locations":[{"start":{"line":34,"column":9},"end":{"line":43,"column":3}},{"start":{"line":36,"column":9},"end":{"line":43,"column":3}}]},"3":{"loc":{"start":{"line":36,"column":9},"end":{"line":43,"column":3}},"type":"if","locations":[{"start":{"line":36,"column":9},"end":{"line":43,"column":3}},{"start":{"line":38,"column":9},"end":{"line":43,"column":3}}]},"4":{"loc":{"start":{"line":38,"column":9},"end":{"line":43,"column":3}},"type":"if","locations":[{"start":{"line":38,"column":9},"end":{"line":43,"column":3}},{"start":{"line":40,"column":9},"end":{"line":43,"column":3}}]},"5":{"loc":{"start":{"line":56,"column":21},"end":{"line":56,"column":69}},"type":"cond-expr","locations":[{"start":{"line":56,"column":48},"end":{"line":56,"column":62}},{"start":{"line":56,"column":65},"end":{"line":56,"column":69}}]},"6":{"loc":{"start":{"line":78,"column":21},"end":{"line":78,"column":84}},"type":"cond-expr","locations":[{"start":{"line":78,"column":53},"end":{"line":78,"column":72}},{"start":{"line":78,"column":75},"end":{"line":78,"column":84}}]},"7":{"loc":{"start":{"line":82,"column":2},"end":{"line":84,"column":3}},"type":"if","locations":[{"start":{"line":82,"column":2},"end":{"line":84,"column":3}}]},"8":{"loc":{"start":{"line":89,"column":2},"end":{"line":93,"column":3}},"type":"if","locations":[{"start":{"line":89,"column":2},"end":{"line":93,"column":3}}]},"9":{"loc":{"start":{"line":95,"column":2},"end":{"line":97,"column":3}},"type":"if","locations":[{"start":{"line":95,"column":2},"end":{"line":97,"column":3}}]},"10":{"loc":{"start":{"line":109,"column":21},"end":{"line":109,"column":69}},"type":"cond-expr","locations":[{"start":{"line":109,"column":48},"end":{"line":109,"column":62}},{"start":{"line":109,"column":65},"end":{"line":109,"column":69}}]}},"s":{"0":2,"1":2,"2":2,"3":2,"4":2,"5":12,"6":12,"7":12,"8":12,"9":12,"10":12,"11":12,"12":12,"13":12,"14":4,"15":8,"16":1,"17":7,"18":5,"19":2,"20":1,"21":1,"22":9,"23":9,"24":6,"25":6,"26":6,"27":6,"28":1,"29":5,"30":5,"31":5,"32":2,"33":2,"34":2,"35":3,"36":2,"37":1,"38":4,"39":4,"40":5,"41":5,"42":5},"f":{"0":12,"1":9,"2":6,"3":4,"4":5},"b":{"0":[5,7],"1":[4,8],"2":[1,7],"3":[5,2],"4":[1,1],"5":[5,4],"6":[1,5],"7":[1],"8":[2],"9":[2],"10":[1,3]}}
}
