TN:
SF:src/try/config.ts
FN:61,getConfigValue
FN:111,getAwsSsoPortalUrl
FNF:2
FNH:0
FNDA:0,getConfigValue
FNDA:0,getAwsSsoPortalUrl
DA:34,0
DA:39,0
DA:44,0
DA:49,0
DA:64,0
DA:66,0
DA:67,0
DA:72,0
DA:74,0
DA:77,0
DA:96,0
DA:111,0
DA:112,0
LF:13
LH:0
BRDA:64,0,0,0
BRDA:64,0,1,0
BRDA:64,0,2,0
BRDA:66,1,0,0
BRDA:72,2,0,0
BRDA:72,3,0,0
BRDA:72,3,1,0
BRF:7
BRH:0
end_of_record
TN:
SF:src/try/main.ts
FN:19,(anonymous_0)
FN:19,(anonymous_1)
FN:19,(anonymous_2)
FN:19,(anonymous_3)
FN:32,handlePageOAuthCallback
FN:70,(anonymous_5)
FNF:6
FNH:0
FNDA:0,(anonymous_0)
FNDA:0,(anonymous_1)
FNDA:0,(anonymous_2)
FNDA:0,(anonymous_3)
FNDA:0,handlePageOAuthCallback
FNDA:0,(anonymous_5)
DA:13,0
DA:14,0
DA:15,0
DA:16,0
DA:19,0
DA:33,0
DA:34,0
DA:35,0
DA:38,0
DA:40,0
DA:41,0
DA:43,0
DA:44,0
DA:45,0
DA:46,0
DA:47,0
DA:58,0
DA:70,0
DA:72,0
DA:75,0
DA:78,0
DA:81,0
LF:22
LH:0
BRDA:38,0,0,0
BRDA:38,0,1,0
BRDA:38,1,0,0
BRDA:38,1,1,0
BRDA:41,2,0,0
BRDA:44,3,0,0
BRDA:46,4,0,0
BRF:7
BRH:0
end_of_record
TN:
SF:src/try/api/api-client.ts
FN:112,callISBAPI
FN:156,clearToken
FN:173,redirectToOAuth
FN:220,checkAuthStatus
FN:258,getToken
FN:284,extractHeaders
FN:302,(anonymous_6)
FNF:7
FNH:7
FNDA:40,callISBAPI
FNDA:6,clearToken
FNDA:6,redirectToOAuth
FNDA:17,checkAuthStatus
FNDA:43,getToken
FNDA:42,extractHeaders
FNDA:1,(anonymous_6)
DA:52,1
DA:58,1
DA:112,1
DA:117,40
DA:120,40
DA:126,40
DA:127,40
DA:128,33
DA:132,40
DA:139,38
DA:141,6
DA:143,6
DA:145,6
DA:148,32
DA:158,6
DA:159,0
DA:161,6
DA:162,6
DA:175,6
DA:176,0
DA:178,6
DA:220,1
DA:221,17
DA:223,17
DA:225,15
DA:226,8
DA:229,8
DA:230,7
DA:236,1
DA:237,7
DA:239,5
DA:242,2
DA:243,2
DA:247,2
DA:248,2
DA:260,43
DA:261,0
DA:264,43
DA:265,43
DA:267,43
DA:268,9
DA:270,34
DA:273,0
DA:285,42
DA:286,37
DA:290,5
DA:291,1
DA:292,1
DA:293,2
DA:295,1
DA:300,4
DA:301,1
DA:302,1
DA:303,1
DA:305,1
DA:309,3
DA:316,1
LF:57
LH:53
BRDA:114,0,0,17
BRDA:127,1,0,33
BRDA:139,2,0,6
BRDA:139,3,0,38
BRDA:139,3,1,12
BRDA:158,4,0,0
BRDA:175,5,0,0
BRDA:225,6,0,8
BRDA:225,6,1,7
BRDA:229,7,0,7
BRDA:229,8,0,8
BRDA:229,8,1,7
BRDA:237,9,0,5
BRDA:237,9,1,2
BRDA:260,10,0,0
BRDA:267,11,0,9
BRDA:267,12,0,43
BRDA:267,12,1,36
BRDA:285,13,0,37
BRDA:290,14,0,1
BRDA:300,15,0,1
BRF:21
BRH:18
end_of_record
TN:
SF:src/try/api/configurations-service.ts
FN:106,fetchConfigurations
FN:108,(anonymous_1)
FN:180,getErrorMessage
FN:204,getFallbackAup
FNF:4
FNH:3
FNDA:20,fetchConfigurations
FNDA:0,(anonymous_1)
FNDA:8,getErrorMessage
FNDA:2,getFallbackAup
DA:13,1
DA:58,1
DA:77,1
DA:86,1
DA:91,1
DA:106,1
DA:107,20
DA:108,20
DA:110,20
DA:111,20
DA:117,17
DA:119,17
DA:120,8
DA:121,8
DA:127,9
DA:130,9
DA:133,9
DA:134,2
DA:135,2
DA:144,7
DA:153,3
DA:155,3
DA:156,2
DA:157,1
DA:158,1
DA:163,1
DA:166,2
DA:181,8
DA:183,1
DA:185,1
DA:187,1
DA:192,4
DA:194,1
DA:204,1
DA:205,2
LF:35
LH:35
BRDA:119,0,0,8
BRDA:130,1,0,9
BRDA:130,1,1,2
BRDA:133,2,0,2
BRDA:133,3,0,9
BRDA:133,3,1,8
BRDA:147,4,0,7
BRDA:147,4,1,1
BRDA:148,5,0,7
BRDA:148,5,1,1
BRDA:155,6,0,2
BRDA:156,7,0,1
BRDA:181,8,0,1
BRDA:181,8,1,1
BRDA:181,8,2,1
BRDA:181,8,3,1
BRDA:181,8,4,2
BRDA:181,8,5,3
BRDA:181,8,6,4
BRDA:181,8,7,1
BRF:20
BRH:20
end_of_record
TN:
SF:src/try/api/leases-service.ts
FN:81,getApiErrorMessage
FN:90,matchesApiError
FN:115,createLease
FN:117,(anonymous_3)
FN:145,(anonymous_4)
FNF:5
FNH:4
FNDA:15,getApiErrorMessage
FNDA:9,matchesApiError
FNDA:22,createLease
FNDA:0,(anonymous_3)
FNDA:1,(anonymous_4)
DA:12,1
DA:59,1
DA:70,1
DA:75,1
DA:82,15
DA:83,14
DA:84,14
DA:91,9
DA:115,1
DA:116,22
DA:117,22
DA:119,22
DA:124,22
DA:125,22
DA:132,18
DA:135,18
DA:136,3
DA:137,3
DA:145,15
DA:146,15
DA:148,15
DA:151,4
DA:152,1
DA:160,3
DA:169,3
DA:171,3
DA:172,1
DA:179,2
DA:180,1
DA:187,1
DA:196,1
DA:198,1
DA:208,1
DA:216,1
DA:217,1
DA:229,4
DA:236,1
DA:237,1
DA:244,4
DA:246,4
DA:248,3
DA:249,1
DA:250,1
DA:258,2
DA:259,1
DA:266,1
DA:269,2
LF:47
LH:47
BRDA:82,0,0,1
BRDA:82,1,0,15
BRDA:82,1,1,14
BRDA:84,2,0,14
BRDA:84,2,1,6
BRDA:135,3,0,3
BRDA:148,4,0,4
BRDA:148,4,1,3
BRDA:148,4,2,1
BRDA:148,4,3,1
BRDA:148,4,4,1
BRDA:148,4,5,1
BRDA:148,4,6,2
BRDA:148,4,7,3
BRDA:148,4,8,4
BRDA:148,4,9,1
BRDA:151,5,0,1
BRDA:171,6,0,1
BRDA:179,7,0,1
BRDA:246,8,0,3
BRDA:248,9,0,1
BRDA:258,10,0,1
BRF:22
BRH:22
end_of_record
TN:
SF:src/try/api/sessions-service.ts
FN:110,fetchUserLeases
FN:112,(anonymous_1)
FN:163,(anonymous_2)
FN:205,transformLease
FN:247,getErrorMessage
FN:271,isLeaseActive
FN:281,isLeasePending
FN:296,getSsoUrl
FNF:8
FNH:7
FNDA:24,fetchUserLeases
FNDA:0,(anonymous_1)
FNDA:1,(anonymous_2)
FNDA:13,transformLease
FNDA:6,getErrorMessage
FNDA:5,isLeaseActive
FNDA:5,isLeasePending
FNDA:2,getSsoUrl
DA:12,1
DA:13,1
DA:90,1
DA:95,1
DA:110,1
DA:111,24
DA:112,24
DA:114,24
DA:116,24
DA:117,24
DA:118,2
DA:119,2
DA:125,22
DA:126,22
DA:128,22
DA:134,20
DA:136,20
DA:137,6
DA:138,6
DA:144,14
DA:147,14
DA:149,14
DA:150,12
DA:151,2
DA:153,1
DA:154,1
DA:156,1
DA:160,14
DA:163,14
DA:165,14
DA:170,2
DA:172,2
DA:173,2
DA:174,0
DA:175,0
DA:182,2
DA:183,1
DA:189,1
DA:192,1
DA:207,13
DA:208,13
DA:210,8
DA:211,8
DA:213,1
DA:214,1
DA:216,1
DA:217,1
DA:219,1
DA:220,1
DA:222,1
DA:223,1
DA:226,13
DA:248,6
DA:250,1
DA:252,1
DA:254,1
DA:259,2
DA:261,1
DA:271,1
DA:272,5
DA:281,1
DA:282,5
DA:296,1
DA:298,2
DA:299,1
DA:303,1
DA:304,1
DA:305,1
DA:307,1
LF:69
LH:67
BRDA:117,0,0,2
BRDA:117,1,0,24
BRDA:117,1,1,23
BRDA:136,2,0,6
BRDA:149,3,0,12
BRDA:149,3,1,2
BRDA:149,4,0,14
BRDA:149,4,1,12
BRDA:151,5,0,1
BRDA:151,5,1,1
BRDA:154,6,0,1
BRDA:172,7,0,2
BRDA:173,8,0,0
BRDA:182,9,0,1
BRDA:208,10,0,8
BRDA:208,10,1,1
BRDA:208,10,2,1
BRDA:208,10,3,1
BRDA:208,10,4,1
BRDA:232,11,0,13
BRDA:232,11,1,1
BRDA:248,12,0,1
BRDA:248,12,1,1
BRDA:248,12,2,1
BRDA:248,12,3,1
BRDA:248,12,4,1
BRDA:248,12,5,2
BRDA:248,12,6,2
BRDA:248,12,7,1
BRDA:298,13,0,1
BRF:30
BRH:29
end_of_record
TN:
SF:src/try/auth/auth-provider.ts
FN:49,(anonymous_0)
FN:82,(anonymous_1)
FN:115,(anonymous_2)
FN:141,(anonymous_3)
FN:143,(anonymous_4)
FN:163,(anonymous_5)
FN:188,(anonymous_6)
FNF:7
FNH:7
FNDA:1,(anonymous_0)
FNDA:27,(anonymous_1)
FNDA:13,(anonymous_2)
FNDA:9,(anonymous_3)
FNDA:78,(anonymous_4)
FNDA:4,(anonymous_5)
FNDA:3,(anonymous_6)
DA:54,1
DA:62,1
DA:85,27
DA:86,0
DA:87,0
DA:90,27
DA:91,27
DA:116,13
DA:119,13
DA:142,9
DA:143,78
DA:164,4
DA:165,0
DA:166,0
DA:169,4
DA:170,4
DA:189,3
DA:190,0
DA:191,0
DA:194,3
DA:195,3
DA:217,1
LF:22
LH:16
BRDA:85,0,0,0
BRDA:91,1,0,27
BRDA:91,1,1,11
BRDA:164,2,0,0
BRDA:189,3,0,0
BRF:5
BRH:2
end_of_record
TN:
SF:src/try/auth/oauth-flow.ts
FN:61,storeReturnURL
FN:99,getReturnURL
FN:129,clearReturnURL
FN:170,parseOAuthError
FN:230,extractTokenFromURL
FN:274,cleanupURLAfterExtraction
FN:317,handleOAuthCallback
FN:347,(anonymous_7)
FNF:8
FNH:8
FNDA:10,storeReturnURL
FNDA:13,getReturnURL
FNDA:14,clearReturnURL
FNDA:10,parseOAuthError
FNDA:17,extractTokenFromURL
FNDA:11,cleanupURLAfterExtraction
FNDA:9,handleOAuthCallback
FNDA:5,(anonymous_7)
DA:23,1
DA:30,1
DA:61,1
DA:63,10
DA:64,3
DA:68,7
DA:69,0
DA:70,0
DA:73,7
DA:75,7
DA:76,7
DA:78,0
DA:99,1
DA:101,13
DA:102,0
DA:103,0
DA:106,13
DA:107,13
DA:108,13
DA:110,0
DA:111,0
DA:129,1
DA:131,14
DA:132,0
DA:133,0
DA:136,14
DA:137,14
DA:139,0
DA:170,1
DA:171,10
DA:172,10
DA:174,10
DA:175,2
DA:183,8
DA:193,8
DA:196,8
DA:204,1
DA:230,1
DA:231,17
DA:232,17
DA:233,17
DA:236,17
DA:237,7
DA:241,10
DA:242,10
DA:243,9
DA:245,1
DA:246,1
DA:249,0
DA:250,0
DA:274,1
DA:275,11
DA:277,11
DA:278,2
DA:279,2
DA:283,9
DA:284,9
DA:286,1
DA:317,1
DA:318,9
DA:321,9
DA:322,9
DA:324,9
DA:327,4
DA:328,4
DA:329,4
DA:330,4
DA:334,5
DA:335,5
DA:338,5
DA:339,5
DA:342,5
DA:346,5
DA:347,5
DA:348,5
DA:349,5
LF:76
LH:64
BRDA:63,0,0,3
BRDA:63,1,0,10
BRDA:63,1,1,8
BRDA:68,2,0,0
BRDA:101,3,0,0
BRDA:108,4,0,13
BRDA:108,4,1,4
BRDA:131,5,0,0
BRDA:174,6,0,2
BRDA:193,7,0,8
BRDA:193,7,1,1
BRDA:236,8,0,7
BRDA:236,9,0,17
BRDA:236,9,1,11
BRDA:277,10,0,2
BRDA:277,11,0,11
BRDA:277,11,1,10
BRDA:324,12,0,4
BRF:18
BRH:15
end_of_record
TN:
SF:src/try/ui/auth-nav.ts
FN:41,initAuthNav
FN:52,(anonymous_1)
FN:68,renderAuthNav
FN:97,(anonymous_3)
FN:118,handleSignOut
FNF:5
FNH:0
FNDA:0,initAuthNav
FNDA:0,(anonymous_1)
FNDA:0,renderAuthNav
FNDA:0,(anonymous_3)
FNDA:0,handleSignOut
DA:17,0
DA:18,0
DA:41,0
DA:42,0
DA:44,0
DA:45,0
DA:46,0
DA:52,0
DA:53,0
DA:69,0
DA:73,0
DA:80,0
DA:81,0
DA:82,0
DA:88,0
DA:95,0
DA:96,0
DA:97,0
DA:98,0
DA:119,0
DA:120,0
DA:121,0
LF:22
LH:0
BRDA:44,0,0,0
BRDA:69,1,0,0
BRDA:69,1,1,0
BRDA:81,2,0,0
BRDA:96,3,0,0
BRF:5
BRH:0
end_of_record
TN:
SF:src/try/ui/try-button.ts
FN:36,initTryButton
FN:44,(anonymous_1)
FN:54,handleTryButtonClick
FN:88,handleLeaseAccept
FN:135,storeReturnUrl
FN:151,getAndClearReturnUrl
FNF:6
FNH:6
FNDA:23,initTryButton
FNDA:23,(anonymous_1)
FNDA:20,handleTryButtonClick
FNDA:12,handleLeaseAccept
FNDA:4,storeReturnUrl
FNDA:3,getAndClearReturnUrl
DA:16,1
DA:17,1
DA:18,1
DA:24,1
DA:36,1
DA:38,23
DA:42,23
DA:44,23
DA:45,23
DA:55,20
DA:57,20
DA:58,20
DA:60,20
DA:61,1
DA:62,1
DA:66,19
DA:68,4
DA:71,4
DA:72,4
DA:76,15
DA:77,15
DA:89,12
DA:91,12
DA:93,12
DA:95,3
DA:96,3
DA:97,3
DA:98,3
DA:102,9
DA:105,3
DA:106,3
DA:107,3
DA:108,3
DA:109,3
DA:113,2
DA:114,2
DA:115,2
DA:116,2
DA:123,4
DA:124,4
DA:125,4
DA:136,4
DA:137,1
DA:138,1
DA:141,3
DA:151,1
DA:152,3
DA:153,1
DA:156,2
DA:157,2
DA:158,2
LF:51
LH:51
BRDA:60,0,0,1
BRDA:66,1,0,4
BRDA:93,2,0,3
BRDA:102,3,0,3
BRDA:102,3,1,2
BRDA:102,3,2,1
BRDA:102,3,3,2
BRDA:102,3,4,3
BRDA:102,3,5,4
BRDA:124,4,0,4
BRDA:124,4,1,1
BRDA:136,5,0,1
BRDA:152,6,0,1
BRF:13
BRH:13
end_of_record
TN:
SF:src/try/ui/try-page.ts
FN:66,initTryPage
FN:75,(anonymous_1)
FN:84,(anonymous_2)
FN:95,loadAndRenderSessions
FN:143,renderEmptyState
FN:166,renderAuthenticatedState
FN:168,(anonymous_6)
FN:169,(anonymous_7)
FN:206,renderFirstTimeGuidance
FNF:9
FNH:8
FNDA:6,initTryPage
FNDA:6,(anonymous_1)
FNDA:0,(anonymous_2)
FNDA:3,loadAndRenderSessions
FNDA:14,renderEmptyState
FNDA:9,renderAuthenticatedState
FNDA:3,(anonymous_6)
FNDA:3,(anonymous_7)
FNDA:7,renderFirstTimeGuidance
DA:19,1
DA:20,1
DA:21,1
DA:30,1
DA:41,1
DA:47,1
DA:66,1
DA:67,6
DA:68,6
DA:70,1
DA:75,5
DA:76,6
DA:77,3
DA:79,3
DA:84,5
DA:85,0
DA:86,0
DA:87,0
DA:96,3
DA:99,3
DA:100,3
DA:106,3
DA:108,3
DA:109,3
DA:110,3
DA:112,0
DA:114,0
DA:143,1
DA:144,14
DA:166,1
DA:167,9
DA:168,9
DA:169,9
DA:172,9
DA:173,9
DA:174,2
DA:175,2
DA:176,2
DA:177,2
DA:180,9
DA:207,7
LF:41
LH:36
BRDA:68,0,0,1
BRDA:76,1,0,3
BRDA:76,1,1,3
BRDA:86,2,0,0
BRDA:96,3,0,0
BRDA:108,4,0,3
BRDA:108,4,1,0
BRDA:108,5,0,3
BRDA:108,5,1,3
BRDA:112,6,0,0
BRDA:112,6,1,0
BRDA:173,7,0,2
BRDA:175,8,0,2
BRDA:176,9,0,1
BRDA:177,10,0,2
BRDA:177,10,1,0
BRDA:177,11,0,1
BRDA:177,11,1,1
BRDA:183,12,0,2
BRDA:183,12,1,7
BRDA:197,13,0,7
BRDA:197,13,1,2
BRF:22
BRH:16
end_of_record
TN:
SF:src/try/ui/components/aup-modal.ts
FN:67,(anonymous_0)
FN:85,(anonymous_1)
FN:113,(anonymous_2)
FN:148,(anonymous_3)
FN:182,(anonymous_4)
FN:194,(anonymous_5)
FN:214,(anonymous_6)
FN:229,(anonymous_7)
FN:240,(anonymous_8)
FN:248,(anonymous_9)
FN:324,(anonymous_10)
FN:330,(anonymous_11)
FN:342,(anonymous_12)
FN:360,(anonymous_13)
FN:368,(anonymous_14)
FN:393,(anonymous_15)
FN:398,(anonymous_16)
FN:422,openAupModal
FN:431,closeAupModal
FNF:19
FNH:16
FNDA:1,(anonymous_0)
FNDA:37,(anonymous_1)
FNDA:36,(anonymous_2)
FNDA:79,(anonymous_3)
FNDA:0,(anonymous_4)
FNDA:0,(anonymous_5)
FNDA:5,(anonymous_6)
FNDA:1,(anonymous_7)
FNDA:4,(anonymous_8)
FNDA:36,(anonymous_9)
FNDA:36,(anonymous_10)
FNDA:8,(anonymous_11)
FNDA:1,(anonymous_12)
FNDA:1,(anonymous_13)
FNDA:14,(anonymous_14)
FNDA:36,(anonymous_15)
FNDA:0,(anonymous_16)
FNDA:37,openAupModal
FNDA:78,closeAupModal
DA:19,1
DA:20,1
DA:21,1
DA:42,1
DA:57,1
DA:62,1
DA:68,1
DA:69,1
DA:70,1
DA:77,1
DA:86,37
DA:87,1
DA:88,1
DA:91,36
DA:92,36
DA:93,36
DA:94,36
DA:95,36
DA:97,36
DA:98,36
DA:101,36
DA:103,36
DA:106,36
DA:114,36
DA:115,36
DA:118,36
DA:119,36
DA:121,36
DA:122,36
DA:124,35
DA:125,34
DA:126,34
DA:129,1
DA:130,1
DA:132,1
DA:133,1
DA:137,1
DA:138,1
DA:139,1
DA:149,79
DA:152,36
DA:153,0
DA:154,0
DA:157,36
DA:158,36
DA:159,36
DA:160,36
DA:161,36
DA:164,36
DA:165,36
DA:168,36
DA:169,36
DA:172,36
DA:174,36
DA:183,0
DA:184,0
DA:185,0
DA:195,0
DA:196,0
DA:197,0
DA:198,0
DA:205,0
DA:206,0
DA:215,5
DA:216,5
DA:217,5
DA:218,5
DA:219,5
DA:220,5
DA:222,5
DA:223,5
DA:230,1
DA:231,1
DA:232,1
DA:233,1
DA:241,4
DA:249,36
DA:250,36
DA:251,36
DA:253,36
DA:317,36
DA:318,36
DA:325,36
DA:326,36
DA:327,36
DA:330,36
DA:331,8
DA:332,8
DA:334,8
DA:335,6
DA:337,2
DA:342,36
DA:343,1
DA:345,1
DA:346,1
DA:347,1
DA:349,1
DA:350,1
DA:353,0
DA:354,0
DA:360,36
DA:361,1
DA:369,14
DA:370,14
DA:372,14
DA:373,14
DA:374,14
DA:375,14
DA:377,14
DA:378,3
DA:380,11
DA:384,14
DA:385,14
DA:386,14
DA:394,36
DA:395,36
DA:397,36
DA:398,0
DA:401,36
DA:408,1
DA:422,1
DA:423,37
DA:431,1
DA:432,78
LF:124
LH:110
BRDA:86,0,0,1
BRDA:115,1,0,0
BRDA:124,2,0,34
BRDA:124,2,1,1
BRDA:124,3,0,35
BRDA:124,3,1,34
BRDA:132,4,0,1
BRDA:148,5,0,1
BRDA:149,6,0,43
BRDA:152,7,0,0
BRDA:152,8,0,36
BRDA:152,8,1,4
BRDA:152,8,2,0
BRDA:154,9,0,0
BRDA:184,10,0,0
BRDA:194,11,0,0
BRDA:197,12,0,0
BRDA:218,13,0,5
BRDA:232,14,0,1
BRDA:334,15,0,6
BRDA:334,15,1,2
BRDA:343,16,0,0
BRDA:343,17,0,1
BRDA:343,17,1,1
BRDA:343,17,2,1
BRDA:372,18,0,14
BRDA:373,19,0,14
BRDA:373,19,1,7
BRDA:377,20,0,3
BRDA:377,20,1,11
BRDA:384,21,0,14
BRDA:395,22,0,0
BRDA:431,23,0,0
BRF:33
BRH:23
end_of_record
TN:
SF:src/try/ui/components/sessions-table.ts
FN:46,renderSessionsTable
FN:80,renderSessionRow
FN:125,renderActions
FN:151,renderEmptyTable
FN:171,escapeHtml
FN:182,renderLoadingState
FN:196,renderErrorState
FNF:7
FNH:6
FNDA:9,renderSessionsTable
FNDA:3,renderSessionRow
FNDA:3,renderActions
FNDA:7,renderEmptyTable
FNDA:3,escapeHtml
FNDA:3,renderLoadingState
FNDA:0,renderErrorState
DA:14,1
DA:15,1
DA:16,1
DA:21,1
DA:32,1
DA:46,1
DA:47,9
DA:48,7
DA:51,2
DA:53,2
DA:81,3
DA:82,3
DA:83,3
DA:84,3
DA:85,3
DA:86,3
DA:88,3
DA:126,3
DA:127,3
DA:130,0
DA:132,0
DA:152,7
DA:172,3
DA:173,3
DA:174,3
DA:182,1
DA:183,3
DA:196,1
DA:197,0
LF:29
LH:26
BRDA:47,0,0,7
BRDA:85,1,0,0
BRDA:85,1,1,3
BRDA:92,2,0,0
BRDA:92,2,1,3
BRDA:95,3,0,3
BRDA:95,3,1,0
BRDA:126,4,0,3
BRF:8
BRH:5
end_of_record
TN:
SF:src/try/ui/utils/aria-live.ts
FN:17,getLiveRegion
FN:49,announce
FN:59,(anonymous_2)
FN:68,clearAnnouncement
FNF:4
FNH:4
FNDA:16,getLiveRegion
FNDA:16,announce
FNDA:4,(anonymous_2)
FNDA:2,clearAnnouncement
DA:11,1
DA:18,16
DA:19,3
DA:22,13
DA:23,13
DA:24,13
DA:25,13
DA:26,13
DA:30,13
DA:32,13
DA:33,13
DA:49,1
DA:50,16
DA:53,16
DA:56,16
DA:59,16
DA:60,4
DA:68,1
DA:69,2
DA:70,2
LF:20
LH:20
BRDA:18,0,0,3
BRDA:18,1,0,16
BRDA:18,1,1,15
BRDA:49,2,0,13
BRDA:69,3,0,2
BRF:5
BRH:5
end_of_record
TN:
SF:src/try/ui/utils/focus-trap.ts
FN:53,createFocusTrap
FN:70,getFocusableElements
FN:73,(anonymous_2)
FN:80,handleKeydown
FN:114,(anonymous_4)
FN:129,(anonymous_5)
FN:138,(anonymous_6)
FN:152,(anonymous_7)
FNF:8
FNH:8
FNDA:20,createFocusTrap
FNDA:63,getFocusableElements
FNDA:245,(anonymous_2)
FNDA:74,handleKeydown
FNDA:16,(anonymous_4)
FNDA:13,(anonymous_5)
FNDA:4,(anonymous_6)
FNDA:3,(anonymous_7)
DA:15,1
DA:53,1
DA:64,20
DA:65,20
DA:71,63
DA:72,63
DA:73,245
DA:81,74
DA:83,74
DA:84,26
DA:85,26
DA:86,26
DA:89,48
DA:91,48
DA:92,48
DA:94,46
DA:95,46
DA:96,46
DA:99,46
DA:100,1
DA:101,1
DA:102,1
DA:106,45
DA:107,3
DA:108,3
DA:109,3
DA:113,20
DA:115,16
DA:116,15
DA:119,15
DA:122,15
DA:125,15
DA:126,15
DA:129,15
DA:130,13
DA:131,12
DA:132,1
DA:133,0
DA:139,4
DA:140,3
DA:143,3
DA:146,3
DA:147,3
DA:148,3
DA:153,3
LF:45
LH:44
BRDA:55,0,0,14
BRDA:73,1,0,245
BRDA:73,1,1,240
BRDA:73,1,2,240
BRDA:81,2,0,0
BRDA:83,3,0,26
BRDA:89,4,0,0
BRDA:92,5,0,2
BRDA:99,6,0,1
BRDA:99,7,0,46
BRDA:99,7,1,6
BRDA:106,8,0,3
BRDA:106,9,0,45
BRDA:106,9,1,40
BRDA:115,10,0,1
BRDA:119,11,0,15
BRDA:119,11,1,14
BRDA:126,12,0,15
BRDA:126,12,1,13
BRDA:130,13,0,12
BRDA:130,13,1,1
BRDA:132,14,0,0
BRDA:139,15,0,1
BRDA:146,16,0,3
BRF:24
BRH:21
end_of_record
TN:
SF:src/try/utils/currency-utils.ts
FN:20,formatUSD
FN:39,formatBudget
FN:53,calculateBudgetPercentage
FN:65,getBudgetStatus
FNF:4
FNH:4
FNDA:25,formatUSD
FNDA:7,formatBudget
FNDA:19,calculateBudgetPercentage
FNDA:8,getBudgetStatus
DA:20,2
DA:21,25
DA:39,2
DA:40,7
DA:53,2
DA:54,19
DA:55,16
DA:65,2
DA:66,8
DA:67,8
DA:68,5
DA:69,3
LF:12
LH:12
BRDA:54,0,0,3
BRDA:67,1,0,3
BRDA:68,2,0,2
BRF:3
BRH:3
end_of_record
TN:
SF:src/try/utils/date-utils.ts
FN:20,formatRelativeTime
FN:55,formatAbsoluteDate
FN:77,formatRemainingDuration
FN:108,isExpired
FN:123,formatExpiry
FNF:5
FNH:5
FNDA:12,formatRelativeTime
FNDA:9,formatAbsoluteDate
FNDA:6,formatRemainingDuration
FNDA:4,isExpired
FNDA:5,formatExpiry
DA:20,2
DA:21,12
DA:22,12
DA:23,12
DA:24,12
DA:25,12
DA:26,12
DA:27,12
DA:29,12
DA:32,12
DA:33,4
DA:34,8
DA:35,1
DA:36,7
DA:37,5
DA:38,2
DA:39,1
DA:42,1
DA:55,2
DA:56,9
DA:58,9
DA:77,2
DA:78,6
DA:79,6
DA:80,6
DA:82,6
DA:83,1
DA:86,5
DA:87,5
DA:89,5
DA:90,2
DA:91,2
DA:92,2
DA:95,3
DA:96,2
DA:99,1
DA:108,2
DA:109,4
DA:110,4
DA:123,2
DA:124,5
DA:125,5
DA:126,5
LF:43
LH:43
BRDA:21,0,0,5
BRDA:21,0,1,7
BRDA:32,1,0,4
BRDA:32,1,1,8
BRDA:34,2,0,1
BRDA:34,2,1,7
BRDA:36,3,0,5
BRDA:36,3,1,2
BRDA:38,4,0,1
BRDA:38,4,1,1
BRDA:56,5,0,5
BRDA:56,5,1,4
BRDA:78,6,0,1
BRDA:78,6,1,5
BRDA:82,7,0,1
BRDA:89,8,0,2
BRDA:95,9,0,2
BRDA:109,10,0,1
BRDA:109,10,1,3
BRF:19
BRH:19
end_of_record
